2018-09-10 23:39:43.135 [main] DEBUG io.netty.util.internal.logging.InternalLoggerFactory - Using SLF4J as the default logging framework
2018-09-10 23:39:43.144 [main] DEBUG io.netty.channel.MultithreadEventLoopGroup - -Dio.netty.eventLoopThreads: 8
2018-09-10 23:39:43.212 [main] DEBUG io.netty.channel.nio.NioEventLoop - -Dio.netty.noKeySetOptimization: false
2018-09-10 23:39:43.213 [main] DEBUG io.netty.channel.nio.NioEventLoop - -Dio.netty.selectorAutoRebuildThreshold: 512
2018-09-10 23:39:43.259 [main] DEBUG io.netty.util.internal.PlatformDependent - Platform: Windows
2018-09-10 23:39:43.268 [main] DEBUG io.netty.util.internal.PlatformDependent0 - -Dio.netty.noUnsafe: false
2018-09-10 23:39:43.279 [main] DEBUG io.netty.util.internal.PlatformDependent0 - Java version: 8
2018-09-10 23:39:43.283 [main] DEBUG io.netty.util.internal.PlatformDependent0 - sun.misc.Unsafe.theUnsafe: available
2018-09-10 23:39:43.285 [main] DEBUG io.netty.util.internal.PlatformDependent0 - sun.misc.Unsafe.copyMemory: available
2018-09-10 23:39:43.286 [main] DEBUG io.netty.util.internal.PlatformDependent0 - java.nio.Buffer.address: available
2018-09-10 23:39:43.287 [main] DEBUG io.netty.util.internal.PlatformDependent0 - direct buffer constructor: available
2018-09-10 23:39:43.293 [main] DEBUG io.netty.util.internal.PlatformDependent0 - java.nio.Bits.unaligned: available, true
2018-09-10 23:39:43.295 [main] DEBUG io.netty.util.internal.PlatformDependent0 - jdk.internal.misc.Unsafe.allocateUninitializedArray(int): unavailable prior to Java9
2018-09-10 23:39:43.296 [main] DEBUG io.netty.util.internal.PlatformDependent0 - java.nio.DirectByteBuffer.<init>(long, int): available
2018-09-10 23:39:43.297 [main] DEBUG io.netty.util.internal.PlatformDependent - sun.misc.Unsafe: available
2018-09-10 23:39:43.299 [main] DEBUG io.netty.util.internal.PlatformDependent - -Dio.netty.tmpdir: C:\Users\Administrator\AppData\Local\Temp (java.io.tmpdir)
2018-09-10 23:39:43.301 [main] DEBUG io.netty.util.internal.PlatformDependent - -Dio.netty.bitMode: 64 (sun.arch.data.model)
2018-09-10 23:39:43.305 [main] DEBUG io.netty.util.internal.PlatformDependent - -Dio.netty.noPreferDirect: false
2018-09-10 23:39:43.308 [main] DEBUG io.netty.util.internal.PlatformDependent - -Dio.netty.maxDirectMemory: 1883242496 bytes
2018-09-10 23:39:43.318 [main] DEBUG io.netty.util.internal.PlatformDependent - -Dio.netty.uninitializedArrayAllocationThreshold: -1
2018-09-10 23:39:43.319 [main] DEBUG io.netty.util.internal.CleanerJava6 - java.nio.ByteBuffer.cleaner(): available
2018-09-10 23:39:43.340 [main] DEBUG io.netty.util.internal.PlatformDependent - org.jctools-core.MpscChunkedArrayQueue: available
2018-09-10 23:39:44.519 [main] INFO  cn.zyzpp.service.HttpServerStartup - WEB_ROOT : D:\IDEA\workSpace\JerryServer\webapps
2018-09-10 23:39:44.520 [main] INFO  cn.zyzpp.service.HttpServerStartup - Jerry server 8888 startup, Time 1403ms
2018-09-10 23:39:54.551 [nioEventLoopGroup-3-1] INFO  cn.zyzpp.jerry.JEConnection - Load Balance : https://www.kuaidi100.com/query?type=shentong&postid=3374107234608&id=1
2018-09-10 23:39:55.356 [nioEventLoopGroup-3-1] WARN  cn.zyzpp.handler.MyServerChannelHandler - exception occurred !
2018-09-10 23:39:55.362 [nioEventLoopGroup-3-2] INFO  cn.zyzpp.jerry.JEConnection - Load Balance : https://www.kuaidi100.com/query?type=yuantong&postid=801371015800473775&id=1
2018-09-10 23:39:55.396 [nioEventLoopGroup-3-2] WARN  cn.zyzpp.handler.MyServerChannelHandler - exception occurred !
2018-09-10 23:39:55.407 [nioEventLoopGroup-3-3] INFO  cn.zyzpp.jerry.JEConnection - Load Balance : https://www.kuaidi100.com/query?type=yuantong&postid=801371015800473775&id=1
2018-09-10 23:39:55.434 [nioEventLoopGroup-3-3] WARN  cn.zyzpp.handler.MyServerChannelHandler - exception occurred !
2018-09-10 23:39:55.714 [nioEventLoopGroup-3-4] INFO  cn.zyzpp.jerry.JEConnection - Load Balance : https://www.kuaidi100.com/query?type=shentong&postid=3374107234608&id=1
2018-09-10 23:39:55.737 [nioEventLoopGroup-3-4] WARN  cn.zyzpp.handler.MyServerChannelHandler - exception occurred !
2018-09-10 23:39:55.776 [nioEventLoopGroup-3-5] INFO  cn.zyzpp.jerry.JEConnection - Load Balance : https://www.kuaidi100.com/query?type=yuantong&postid=801371015800473775&id=1
2018-09-10 23:39:55.800 [nioEventLoopGroup-3-5] WARN  cn.zyzpp.handler.MyServerChannelHandler - exception occurred !
2018-09-10 23:39:55.817 [nioEventLoopGroup-3-6] INFO  cn.zyzpp.jerry.JEConnection - Load Balance : https://www.kuaidi100.com/query?type=yuantong&postid=801371015800473775&id=1
2018-09-10 23:39:55.840 [nioEventLoopGroup-3-6] WARN  cn.zyzpp.handler.MyServerChannelHandler - exception occurred !
2018-09-10 23:40:01.043 [nioEventLoopGroup-3-8] INFO  cn.zyzpp.jerry.JEConnection - Load Balance : https://www.kuaidi100.com/query?type=shentong&postid=3374107234608&id=1
2018-09-10 23:40:01.156 [nioEventLoopGroup-3-8] WARN  cn.zyzpp.handler.MyServerChannelHandler - exception occurred !
2018-09-10 23:40:01.178 [nioEventLoopGroup-3-7] INFO  cn.zyzpp.jerry.JEConnection - Load Balance : https://www.kuaidi100.com/query?type=yuantong&postid=801371015800473775&id=1
2018-09-10 23:40:01.863 [nioEventLoopGroup-3-7] WARN  cn.zyzpp.handler.MyServerChannelHandler - exception occurred !
2018-09-10 23:40:01.877 [nioEventLoopGroup-3-1] INFO  cn.zyzpp.jerry.JEConnection - Load Balance : https://www.kuaidi100.com/query?type=yuantong&postid=801371015800473775&id=1
2018-09-10 23:40:01.901 [nioEventLoopGroup-3-1] WARN  cn.zyzpp.handler.MyServerChannelHandler - exception occurred !
2018-09-10 23:40:31.994 [nioEventLoopGroup-3-3] INFO  cn.zyzpp.jerry.JEConnection - Load Balance : https://www.kuaidi100.com/query?type=shentong&postid=3374107234608&id=1
2018-09-10 23:40:32.100 [nioEventLoopGroup-3-3] WARN  cn.zyzpp.handler.MyServerChannelHandler - exception occurred !
2018-09-10 23:40:32.107 [nioEventLoopGroup-3-2] INFO  cn.zyzpp.jerry.JEConnection - Load Balance : https://www.kuaidi100.com/query?type=yuantong&postid=801371015800473775&id=1
2018-09-10 23:40:32.130 [nioEventLoopGroup-3-2] WARN  cn.zyzpp.handler.MyServerChannelHandler - exception occurred !
2018-09-10 23:40:32.136 [nioEventLoopGroup-3-4] INFO  cn.zyzpp.jerry.JEConnection - Load Balance : https://www.kuaidi100.com/query?type=yuantong&postid=801371015800473775&id=1
2018-09-10 23:40:32.158 [nioEventLoopGroup-3-4] WARN  cn.zyzpp.handler.MyServerChannelHandler - exception occurred !
2018-09-10 23:41:32.207 [nioEventLoopGroup-3-6] INFO  cn.zyzpp.jerry.JEConnection - Load Balance : https://www.kuaidi100.com/query?type=shentong&postid=3374107234608&id=1
2018-09-10 23:41:32.316 [nioEventLoopGroup-3-6] WARN  cn.zyzpp.handler.MyServerChannelHandler - exception occurred !
2018-09-10 23:41:32.320 [nioEventLoopGroup-3-5] INFO  cn.zyzpp.jerry.JEConnection - Load Balance : https://www.kuaidi100.com/query?type=yuantong&postid=801371015800473775&id=1
2018-09-10 23:41:32.344 [nioEventLoopGroup-3-5] WARN  cn.zyzpp.handler.MyServerChannelHandler - exception occurred !
2018-09-10 23:41:32.349 [nioEventLoopGroup-3-7] INFO  cn.zyzpp.jerry.JEConnection - Load Balance : https://www.kuaidi100.com/query?type=yuantong&postid=801371015800473775&id=1
2018-09-10 23:41:32.372 [nioEventLoopGroup-3-7] WARN  cn.zyzpp.handler.MyServerChannelHandler - exception occurred !
2018-09-10 23:46:32.418 [nioEventLoopGroup-3-1] INFO  cn.zyzpp.jerry.JEConnection - Load Balance : https://www.kuaidi100.com/query?type=shentong&postid=3374107234608&id=1
2018-09-10 23:46:32.533 [nioEventLoopGroup-3-1] WARN  cn.zyzpp.handler.MyServerChannelHandler - exception occurred !
2018-09-10 23:46:32.561 [nioEventLoopGroup-3-8] INFO  cn.zyzpp.jerry.JEConnection - Load Balance : https://www.kuaidi100.com/query?type=yuantong&postid=801371015800473775&id=1
2018-09-10 23:46:32.609 [nioEventLoopGroup-3-8] WARN  cn.zyzpp.handler.MyServerChannelHandler - exception occurred !
2018-09-10 23:46:32.616 [nioEventLoopGroup-3-2] INFO  cn.zyzpp.jerry.JEConnection - Load Balance : https://www.kuaidi100.com/query?type=yuantong&postid=801371015800473775&id=1
2018-09-10 23:46:32.641 [nioEventLoopGroup-3-2] WARN  cn.zyzpp.handler.MyServerChannelHandler - exception occurred !
2018-09-10 23:47:21.790 [main] DEBUG io.netty.util.internal.logging.InternalLoggerFactory - Using SLF4J as the default logging framework
2018-09-10 23:47:21.798 [main] DEBUG io.netty.channel.MultithreadEventLoopGroup - -Dio.netty.eventLoopThreads: 8
2018-09-10 23:47:21.867 [main] DEBUG io.netty.channel.nio.NioEventLoop - -Dio.netty.noKeySetOptimization: false
2018-09-10 23:47:21.868 [main] DEBUG io.netty.channel.nio.NioEventLoop - -Dio.netty.selectorAutoRebuildThreshold: 512
2018-09-10 23:47:21.908 [main] DEBUG io.netty.util.internal.PlatformDependent - Platform: Windows
2018-09-10 23:47:21.912 [main] DEBUG io.netty.util.internal.PlatformDependent0 - -Dio.netty.noUnsafe: false
2018-09-10 23:47:21.913 [main] DEBUG io.netty.util.internal.PlatformDependent0 - Java version: 8
2018-09-10 23:47:21.918 [main] DEBUG io.netty.util.internal.PlatformDependent0 - sun.misc.Unsafe.theUnsafe: available
2018-09-10 23:47:21.919 [main] DEBUG io.netty.util.internal.PlatformDependent0 - sun.misc.Unsafe.copyMemory: available
2018-09-10 23:47:21.920 [main] DEBUG io.netty.util.internal.PlatformDependent0 - java.nio.Buffer.address: available
2018-09-10 23:47:21.922 [main] DEBUG io.netty.util.internal.PlatformDependent0 - direct buffer constructor: available
2018-09-10 23:47:21.923 [main] DEBUG io.netty.util.internal.PlatformDependent0 - java.nio.Bits.unaligned: available, true
2018-09-10 23:47:21.924 [main] DEBUG io.netty.util.internal.PlatformDependent0 - jdk.internal.misc.Unsafe.allocateUninitializedArray(int): unavailable prior to Java9
2018-09-10 23:47:21.925 [main] DEBUG io.netty.util.internal.PlatformDependent0 - java.nio.DirectByteBuffer.<init>(long, int): available
2018-09-10 23:47:21.925 [main] DEBUG io.netty.util.internal.PlatformDependent - sun.misc.Unsafe: available
2018-09-10 23:47:21.927 [main] DEBUG io.netty.util.internal.PlatformDependent - -Dio.netty.tmpdir: C:\Users\Administrator\AppData\Local\Temp (java.io.tmpdir)
2018-09-10 23:47:21.929 [main] DEBUG io.netty.util.internal.PlatformDependent - -Dio.netty.bitMode: 64 (sun.arch.data.model)
2018-09-10 23:47:21.935 [main] DEBUG io.netty.util.internal.PlatformDependent - -Dio.netty.noPreferDirect: false
2018-09-10 23:47:21.935 [main] DEBUG io.netty.util.internal.PlatformDependent - -Dio.netty.maxDirectMemory: 1883242496 bytes
2018-09-10 23:47:21.936 [main] DEBUG io.netty.util.internal.PlatformDependent - -Dio.netty.uninitializedArrayAllocationThreshold: -1
2018-09-10 23:47:21.938 [main] DEBUG io.netty.util.internal.CleanerJava6 - java.nio.ByteBuffer.cleaner(): available
2018-09-10 23:47:21.975 [main] DEBUG io.netty.util.internal.PlatformDependent - org.jctools-core.MpscChunkedArrayQueue: available
2018-09-10 23:47:22.508 [main] DEBUG io.netty.channel.DefaultChannelId - -Dio.netty.processId: 7356 (auto-detected)
2018-09-10 23:47:22.512 [main] DEBUG io.netty.util.NetUtil - -Djava.net.preferIPv4Stack: false
2018-09-10 23:47:22.512 [main] DEBUG io.netty.util.NetUtil - -Djava.net.preferIPv6Addresses: false
2018-09-10 23:47:22.661 [main] DEBUG io.netty.util.NetUtil - Loopback interface: lo (Software Loopback Interface 1, 127.0.0.1)
2018-09-10 23:47:22.662 [main] DEBUG io.netty.util.NetUtil - Failed to get SOMAXCONN from sysctl and file \proc\sys\net\core\somaxconn. Default: 200
2018-09-10 23:47:22.979 [main] DEBUG io.netty.channel.DefaultChannelId - -Dio.netty.machineId: 08:60:6e:ff:fe:1c:59:33 (auto-detected)
2018-09-10 23:47:23.002 [main] DEBUG io.netty.util.internal.InternalThreadLocalMap - -Dio.netty.threadLocalMap.stringBuilder.initialSize: 1024
2018-09-10 23:47:23.002 [main] DEBUG io.netty.util.internal.InternalThreadLocalMap - -Dio.netty.threadLocalMap.stringBuilder.maxSize: 4096
2018-09-10 23:47:23.033 [main] DEBUG io.netty.util.ResourceLeakDetector - -Dio.netty.leakDetection.level: simple
2018-09-10 23:47:23.033 [main] DEBUG io.netty.util.ResourceLeakDetector - -Dio.netty.leakDetection.targetRecords: 4
2018-09-10 23:47:23.097 [main] DEBUG io.netty.buffer.PooledByteBufAllocator - -Dio.netty.allocator.numHeapArenas: 8
2018-09-10 23:47:23.097 [main] DEBUG io.netty.buffer.PooledByteBufAllocator - -Dio.netty.allocator.numDirectArenas: 8
2018-09-10 23:47:23.098 [main] DEBUG io.netty.buffer.PooledByteBufAllocator - -Dio.netty.allocator.pageSize: 8192
2018-09-10 23:47:23.100 [main] DEBUG io.netty.buffer.PooledByteBufAllocator - -Dio.netty.allocator.maxOrder: 11
2018-09-10 23:47:23.100 [main] DEBUG io.netty.buffer.PooledByteBufAllocator - -Dio.netty.allocator.chunkSize: 16777216
2018-09-10 23:47:23.102 [main] DEBUG io.netty.buffer.PooledByteBufAllocator - -Dio.netty.allocator.tinyCacheSize: 512
2018-09-10 23:47:23.103 [main] DEBUG io.netty.buffer.PooledByteBufAllocator - -Dio.netty.allocator.smallCacheSize: 256
2018-09-10 23:47:23.105 [main] DEBUG io.netty.buffer.PooledByteBufAllocator - -Dio.netty.allocator.normalCacheSize: 64
2018-09-10 23:47:23.106 [main] DEBUG io.netty.buffer.PooledByteBufAllocator - -Dio.netty.allocator.maxCachedBufferCapacity: 32768
2018-09-10 23:47:23.106 [main] DEBUG io.netty.buffer.PooledByteBufAllocator - -Dio.netty.allocator.cacheTrimInterval: 8192
2018-09-10 23:47:23.106 [main] DEBUG io.netty.buffer.PooledByteBufAllocator - -Dio.netty.allocator.useCacheForAllThreads: true
2018-09-10 23:47:23.127 [main] DEBUG io.netty.buffer.ByteBufUtil - -Dio.netty.allocator.type: pooled
2018-09-10 23:47:23.128 [main] DEBUG io.netty.buffer.ByteBufUtil - -Dio.netty.threadLocalDirectBufferSize: 0
2018-09-10 23:47:23.128 [main] DEBUG io.netty.buffer.ByteBufUtil - -Dio.netty.maxThreadLocalCharBufferSize: 16384
2018-09-10 23:47:23.232 [main] INFO  cn.zyzpp.service.HttpServerStartup - WEB_ROOT : D:\IDEA\workSpace\JerryServer\webapps
2018-09-10 23:47:23.233 [main] INFO  cn.zyzpp.service.HttpServerStartup - Jerry server 8888 startup, Time 1456ms
2018-09-10 23:47:26.431 [nioEventLoopGroup-3-1] DEBUG io.netty.buffer.AbstractByteBuf - -Dio.netty.buffer.bytebuf.checkAccessible: true
2018-09-10 23:47:26.434 [nioEventLoopGroup-3-1] DEBUG io.netty.util.ResourceLeakDetectorFactory - Loaded default ResourceLeakDetector: io.netty.util.ResourceLeakDetector@44c1c2ff
2018-09-10 23:47:26.486 [nioEventLoopGroup-3-1] DEBUG io.netty.util.Recycler - -Dio.netty.recycler.maxCapacityPerThread: 4096
2018-09-10 23:47:26.487 [nioEventLoopGroup-3-1] DEBUG io.netty.util.Recycler - -Dio.netty.recycler.maxSharedCapacityFactor: 2
2018-09-10 23:47:26.487 [nioEventLoopGroup-3-1] DEBUG io.netty.util.Recycler - -Dio.netty.recycler.linkCapacity: 16
2018-09-10 23:47:26.487 [nioEventLoopGroup-3-1] DEBUG io.netty.util.Recycler - -Dio.netty.recycler.ratio: 8
2018-09-10 23:47:26.535 [nioEventLoopGroup-3-1] DEBUG net.sf.ehcache.config.DiskStoreConfiguration - Disk Store Path: C:\Users\Administrator\AppData\Local\Temp\
2018-09-10 23:47:26.543 [nioEventLoopGroup-3-1] DEBUG net.sf.ehcache.CacheManager - Creating new CacheManager with Configuration Object
2018-09-10 23:47:26.547 [nioEventLoopGroup-3-1] DEBUG net.sf.ehcache.util.PropertyUtil - propertiesString is null.
2018-09-10 23:47:26.559 [nioEventLoopGroup-3-1] DEBUG net.sf.ehcache.config.ConfigurationHelper - No CacheManagerEventListenerFactory class specified. Skipping...
2018-09-10 23:47:26.641 [nioEventLoopGroup-3-1] DEBUG net.sf.ehcache.Cache - No BootstrapCacheLoaderFactory class specified. Skipping...
2018-09-10 23:47:26.641 [nioEventLoopGroup-3-1] DEBUG net.sf.ehcache.Cache - CacheWriter factory not configured. Skipping...
2018-09-10 23:47:26.641 [nioEventLoopGroup-3-1] DEBUG net.sf.ehcache.config.ConfigurationHelper - No CacheExceptionHandlerFactory class specified. Skipping...
2018-09-10 23:47:26.665 [nioEventLoopGroup-3-1] DEBUG net.sf.ehcache.DiskStorePathManager - Using diskstore path C:\Users\Administrator\AppData\Local\Temp
2018-09-10 23:47:26.665 [nioEventLoopGroup-3-1] DEBUG net.sf.ehcache.DiskStorePathManager - Holding exclusive lock on C:\Users\Administrator\AppData\Local\Temp\.ehcache-diskstore.lock
2018-09-10 23:47:26.667 [nioEventLoopGroup-3-1] DEBUG net.sf.ehcache.store.disk.DiskStorageFactory - Failed to delete file my%0043ache.index
2018-09-10 23:47:26.679 [nioEventLoopGroup-3-1] DEBUG net.sf.ehcache.store.disk.DiskStorageFactory - Matching data file missing (or empty) for index file. Deleting index file C:\Users\Administrator\AppData\Local\Temp\my%0043ache.index
2018-09-10 23:47:26.680 [nioEventLoopGroup-3-1] DEBUG net.sf.ehcache.store.disk.DiskStorageFactory - Failed to delete file my%0043ache.index
2018-09-10 23:47:26.756 [nioEventLoopGroup-3-1] DEBUG net.sf.ehcache.statistics.extended.ExtendedStatisticsImpl - Mocking Pass-Through Statistic: LOCAL_OFFHEAP_SIZE
2018-09-10 23:47:26.758 [nioEventLoopGroup-3-1] DEBUG net.sf.ehcache.statistics.extended.ExtendedStatisticsImpl - Mocking Pass-Through Statistic: LOCAL_OFFHEAP_SIZE_BYTES
2018-09-10 23:47:26.760 [nioEventLoopGroup-3-1] DEBUG net.sf.ehcache.statistics.extended.ExtendedStatisticsImpl - Mocking Pass-Through Statistic: WRITER_QUEUE_LENGTH
2018-09-10 23:47:26.760 [nioEventLoopGroup-3-1] DEBUG net.sf.ehcache.statistics.extended.ExtendedStatisticsImpl - Mocking Pass-Through Statistic: REMOTE_SIZE
2018-09-10 23:47:26.761 [nioEventLoopGroup-3-1] DEBUG net.sf.ehcache.statistics.extended.ExtendedStatisticsImpl - Mocking Pass-Through Statistic: LAST_REJOIN_TIMESTAMP
2018-09-10 23:47:26.780 [nioEventLoopGroup-3-1] DEBUG net.sf.ehcache.statistics.extended.ExtendedStatisticsImpl - Mocking Operation Statistic: OFFHEAP_GET
2018-09-10 23:47:26.782 [nioEventLoopGroup-3-1] DEBUG net.sf.ehcache.statistics.extended.ExtendedStatisticsImpl - Mocking Operation Statistic: OFFHEAP_PUT
2018-09-10 23:47:26.783 [nioEventLoopGroup-3-1] DEBUG net.sf.ehcache.statistics.extended.ExtendedStatisticsImpl - Mocking Operation Statistic: OFFHEAP_REMOVE
2018-09-10 23:47:26.785 [nioEventLoopGroup-3-1] DEBUG net.sf.ehcache.statistics.extended.ExtendedStatisticsImpl - Mocking Operation Statistic: XA_COMMIT
2018-09-10 23:47:26.786 [nioEventLoopGroup-3-1] DEBUG net.sf.ehcache.statistics.extended.ExtendedStatisticsImpl - Mocking Operation Statistic: XA_ROLLBACK
2018-09-10 23:47:26.786 [nioEventLoopGroup-3-1] DEBUG net.sf.ehcache.statistics.extended.ExtendedStatisticsImpl - Mocking Operation Statistic: XA_RECOVERY
2018-09-10 23:47:26.788 [nioEventLoopGroup-3-1] DEBUG net.sf.ehcache.statistics.extended.ExtendedStatisticsImpl - Mocking Operation Statistic: CLUSTER_EVENT
2018-09-10 23:47:26.788 [nioEventLoopGroup-3-1] DEBUG net.sf.ehcache.statistics.extended.ExtendedStatisticsImpl - Mocking Operation Statistic: NONSTOP
2018-09-10 23:47:26.798 [nioEventLoopGroup-3-1] DEBUG net.sf.ehcache.Cache - Initialised cache: myCache
2018-09-10 23:47:26.798 [nioEventLoopGroup-3-1] DEBUG net.sf.ehcache.config.ConfigurationHelper - CacheDecoratorFactory not configured. Skipping for 'myCache'.
2018-09-10 23:47:26.798 [nioEventLoopGroup-3-1] DEBUG net.sf.ehcache.config.ConfigurationHelper - CacheDecoratorFactory not configured for defaultCache. Skipping for 'myCache'.
2018-09-10 23:47:26.963 [nioEventLoopGroup-3-1] DEBUG cn.zyzpp.jerry.JEResolver - Find JE File :index.html = index.html
2018-09-10 23:47:26.969 [nioEventLoopGroup-3-1] INFO  cn.zyzpp.jerry.JEConnection - Load Balance : https://www.kuaidi100.com/query?type=shentong&postid=3374107234608&id=1
2018-09-10 23:47:27.715 [nioEventLoopGroup-3-1] WARN  cn.zyzpp.handler.MyServerChannelHandler - exception occurred !
2018-09-10 23:47:27.720 [nioEventLoopGroup-3-2] DEBUG cn.zyzpp.jerry.JEResolver - Find JE File :index.html = index.html
2018-09-10 23:47:27.721 [nioEventLoopGroup-3-2] INFO  cn.zyzpp.jerry.JEConnection - Load Balance : https://www.kuaidi100.com/query?type=yuantong&postid=801371015800473775&id=1
2018-09-10 23:47:27.745 [nioEventLoopGroup-3-2] WARN  cn.zyzpp.handler.MyServerChannelHandler - exception occurred !
2018-09-10 23:47:27.752 [nioEventLoopGroup-3-3] DEBUG cn.zyzpp.jerry.JEResolver - Find JE File :index.html = index.html
2018-09-10 23:47:27.755 [nioEventLoopGroup-3-3] INFO  cn.zyzpp.jerry.JEConnection - Load Balance : https://www.kuaidi100.com/query?type=yuantong&postid=801371015800473775&id=1
2018-09-10 23:47:27.778 [nioEventLoopGroup-3-3] WARN  cn.zyzpp.handler.MyServerChannelHandler - exception occurred !
2018-09-10 23:52:34.398 [main] DEBUG io.netty.util.internal.logging.InternalLoggerFactory - Using SLF4J as the default logging framework
2018-09-10 23:52:34.434 [main] DEBUG io.netty.channel.MultithreadEventLoopGroup - -Dio.netty.eventLoopThreads: 8
2018-09-10 23:52:34.518 [main] DEBUG io.netty.channel.nio.NioEventLoop - -Dio.netty.noKeySetOptimization: false
2018-09-10 23:52:34.518 [main] DEBUG io.netty.channel.nio.NioEventLoop - -Dio.netty.selectorAutoRebuildThreshold: 512
2018-09-10 23:52:34.576 [main] DEBUG io.netty.util.internal.PlatformDependent - Platform: Windows
2018-09-10 23:52:34.579 [main] DEBUG io.netty.util.internal.PlatformDependent0 - -Dio.netty.noUnsafe: false
2018-09-10 23:52:34.580 [main] DEBUG io.netty.util.internal.PlatformDependent0 - Java version: 8
2018-09-10 23:52:34.583 [main] DEBUG io.netty.util.internal.PlatformDependent0 - sun.misc.Unsafe.theUnsafe: available
2018-09-10 23:52:34.584 [main] DEBUG io.netty.util.internal.PlatformDependent0 - sun.misc.Unsafe.copyMemory: available
2018-09-10 23:52:34.585 [main] DEBUG io.netty.util.internal.PlatformDependent0 - java.nio.Buffer.address: available
2018-09-10 23:52:34.586 [main] DEBUG io.netty.util.internal.PlatformDependent0 - direct buffer constructor: available
2018-09-10 23:52:34.588 [main] DEBUG io.netty.util.internal.PlatformDependent0 - java.nio.Bits.unaligned: available, true
2018-09-10 23:52:34.588 [main] DEBUG io.netty.util.internal.PlatformDependent0 - jdk.internal.misc.Unsafe.allocateUninitializedArray(int): unavailable prior to Java9
2018-09-10 23:52:34.588 [main] DEBUG io.netty.util.internal.PlatformDependent0 - java.nio.DirectByteBuffer.<init>(long, int): available
2018-09-10 23:52:34.588 [main] DEBUG io.netty.util.internal.PlatformDependent - sun.misc.Unsafe: available
2018-09-10 23:52:34.591 [main] DEBUG io.netty.util.internal.PlatformDependent - -Dio.netty.tmpdir: C:\Users\Administrator\AppData\Local\Temp (java.io.tmpdir)
2018-09-10 23:52:34.591 [main] DEBUG io.netty.util.internal.PlatformDependent - -Dio.netty.bitMode: 64 (sun.arch.data.model)
2018-09-10 23:52:34.594 [main] DEBUG io.netty.util.internal.PlatformDependent - -Dio.netty.noPreferDirect: false
2018-09-10 23:52:34.595 [main] DEBUG io.netty.util.internal.PlatformDependent - -Dio.netty.maxDirectMemory: 1883242496 bytes
2018-09-10 23:52:34.595 [main] DEBUG io.netty.util.internal.PlatformDependent - -Dio.netty.uninitializedArrayAllocationThreshold: -1
2018-09-10 23:52:34.596 [main] DEBUG io.netty.util.internal.CleanerJava6 - java.nio.ByteBuffer.cleaner(): available
2018-09-10 23:52:34.629 [main] DEBUG io.netty.util.internal.PlatformDependent - org.jctools-core.MpscChunkedArrayQueue: available
2018-09-10 23:52:35.166 [main] DEBUG io.netty.channel.DefaultChannelId - -Dio.netty.processId: 6476 (auto-detected)
2018-09-10 23:52:35.169 [main] DEBUG io.netty.util.NetUtil - -Djava.net.preferIPv4Stack: false
2018-09-10 23:52:35.172 [main] DEBUG io.netty.util.NetUtil - -Djava.net.preferIPv6Addresses: false
2018-09-10 23:52:35.350 [main] DEBUG io.netty.util.NetUtil - Loopback interface: lo (Software Loopback Interface 1, 127.0.0.1)
2018-09-10 23:52:35.352 [main] DEBUG io.netty.util.NetUtil - Failed to get SOMAXCONN from sysctl and file \proc\sys\net\core\somaxconn. Default: 200
2018-09-10 23:52:35.549 [main] DEBUG io.netty.channel.DefaultChannelId - -Dio.netty.machineId: 08:60:6e:ff:fe:1c:59:33 (auto-detected)
2018-09-10 23:52:35.564 [main] DEBUG io.netty.util.internal.InternalThreadLocalMap - -Dio.netty.threadLocalMap.stringBuilder.initialSize: 1024
2018-09-10 23:52:35.564 [main] DEBUG io.netty.util.internal.InternalThreadLocalMap - -Dio.netty.threadLocalMap.stringBuilder.maxSize: 4096
2018-09-10 23:52:35.595 [main] DEBUG io.netty.util.ResourceLeakDetector - -Dio.netty.leakDetection.level: simple
2018-09-10 23:52:35.595 [main] DEBUG io.netty.util.ResourceLeakDetector - -Dio.netty.leakDetection.targetRecords: 4
2018-09-10 23:52:35.639 [main] DEBUG io.netty.buffer.PooledByteBufAllocator - -Dio.netty.allocator.numHeapArenas: 8
2018-09-10 23:52:35.639 [main] DEBUG io.netty.buffer.PooledByteBufAllocator - -Dio.netty.allocator.numDirectArenas: 8
2018-09-10 23:52:35.639 [main] DEBUG io.netty.buffer.PooledByteBufAllocator - -Dio.netty.allocator.pageSize: 8192
2018-09-10 23:52:35.639 [main] DEBUG io.netty.buffer.PooledByteBufAllocator - -Dio.netty.allocator.maxOrder: 11
2018-09-10 23:52:35.639 [main] DEBUG io.netty.buffer.PooledByteBufAllocator - -Dio.netty.allocator.chunkSize: 16777216
2018-09-10 23:52:35.639 [main] DEBUG io.netty.buffer.PooledByteBufAllocator - -Dio.netty.allocator.tinyCacheSize: 512
2018-09-10 23:52:35.640 [main] DEBUG io.netty.buffer.PooledByteBufAllocator - -Dio.netty.allocator.smallCacheSize: 256
2018-09-10 23:52:35.640 [main] DEBUG io.netty.buffer.PooledByteBufAllocator - -Dio.netty.allocator.normalCacheSize: 64
2018-09-10 23:52:35.640 [main] DEBUG io.netty.buffer.PooledByteBufAllocator - -Dio.netty.allocator.maxCachedBufferCapacity: 32768
2018-09-10 23:52:35.640 [main] DEBUG io.netty.buffer.PooledByteBufAllocator - -Dio.netty.allocator.cacheTrimInterval: 8192
2018-09-10 23:52:35.640 [main] DEBUG io.netty.buffer.PooledByteBufAllocator - -Dio.netty.allocator.useCacheForAllThreads: true
2018-09-10 23:52:35.655 [main] DEBUG io.netty.buffer.ByteBufUtil - -Dio.netty.allocator.type: pooled
2018-09-10 23:52:35.656 [main] DEBUG io.netty.buffer.ByteBufUtil - -Dio.netty.threadLocalDirectBufferSize: 0
2018-09-10 23:52:35.656 [main] DEBUG io.netty.buffer.ByteBufUtil - -Dio.netty.maxThreadLocalCharBufferSize: 16384
2018-09-10 23:52:35.688 [main] INFO  cn.zyzpp.service.HttpServerStartup - WEB_ROOT : D:\IDEA\workSpace\JerryServer\webapps
2018-09-10 23:52:35.689 [main] INFO  cn.zyzpp.service.HttpServerStartup - Jerry server 8888 startup, Time 1314ms
2018-09-10 23:53:32.108 [nioEventLoopGroup-3-2] DEBUG io.netty.buffer.AbstractByteBuf - -Dio.netty.buffer.bytebuf.checkAccessible: true
2018-09-10 23:53:32.110 [nioEventLoopGroup-3-2] DEBUG io.netty.util.ResourceLeakDetectorFactory - Loaded default ResourceLeakDetector: io.netty.util.ResourceLeakDetector@186fcbd0
2018-09-10 23:53:32.163 [nioEventLoopGroup-3-1] DEBUG io.netty.util.Recycler - -Dio.netty.recycler.maxCapacityPerThread: 4096
2018-09-10 23:53:32.164 [nioEventLoopGroup-3-1] DEBUG io.netty.util.Recycler - -Dio.netty.recycler.maxSharedCapacityFactor: 2
2018-09-10 23:53:32.164 [nioEventLoopGroup-3-1] DEBUG io.netty.util.Recycler - -Dio.netty.recycler.linkCapacity: 16
2018-09-10 23:53:32.164 [nioEventLoopGroup-3-1] DEBUG io.netty.util.Recycler - -Dio.netty.recycler.ratio: 8
2018-09-10 23:53:32.219 [nioEventLoopGroup-3-1] DEBUG net.sf.ehcache.config.DiskStoreConfiguration - Disk Store Path: C:\Users\Administrator\AppData\Local\Temp\
2018-09-10 23:53:32.228 [nioEventLoopGroup-3-1] DEBUG net.sf.ehcache.CacheManager - Creating new CacheManager with Configuration Object
2018-09-10 23:53:32.232 [nioEventLoopGroup-3-1] DEBUG net.sf.ehcache.util.PropertyUtil - propertiesString is null.
2018-09-10 23:53:32.242 [nioEventLoopGroup-3-1] DEBUG net.sf.ehcache.config.ConfigurationHelper - No CacheManagerEventListenerFactory class specified. Skipping...
2018-09-10 23:53:32.319 [nioEventLoopGroup-3-1] DEBUG net.sf.ehcache.Cache - No BootstrapCacheLoaderFactory class specified. Skipping...
2018-09-10 23:53:32.320 [nioEventLoopGroup-3-1] DEBUG net.sf.ehcache.Cache - CacheWriter factory not configured. Skipping...
2018-09-10 23:53:32.320 [nioEventLoopGroup-3-1] DEBUG net.sf.ehcache.config.ConfigurationHelper - No CacheExceptionHandlerFactory class specified. Skipping...
2018-09-10 23:53:32.340 [nioEventLoopGroup-3-1] DEBUG net.sf.ehcache.DiskStorePathManager - Using diskstore path C:\Users\Administrator\AppData\Local\Temp
2018-09-10 23:53:32.340 [nioEventLoopGroup-3-1] DEBUG net.sf.ehcache.DiskStorePathManager - Holding exclusive lock on C:\Users\Administrator\AppData\Local\Temp\.ehcache-diskstore.lock
2018-09-10 23:53:32.343 [nioEventLoopGroup-3-1] DEBUG net.sf.ehcache.store.disk.DiskStorageFactory - Failed to delete file my%0043ache.index
2018-09-10 23:53:32.352 [nioEventLoopGroup-3-1] DEBUG net.sf.ehcache.store.disk.DiskStorageFactory - Matching data file missing (or empty) for index file. Deleting index file C:\Users\Administrator\AppData\Local\Temp\my%0043ache.index
2018-09-10 23:53:32.352 [nioEventLoopGroup-3-1] DEBUG net.sf.ehcache.store.disk.DiskStorageFactory - Failed to delete file my%0043ache.index
2018-09-10 23:53:32.424 [nioEventLoopGroup-3-1] DEBUG net.sf.ehcache.statistics.extended.ExtendedStatisticsImpl - Mocking Pass-Through Statistic: LOCAL_OFFHEAP_SIZE
2018-09-10 23:53:32.426 [nioEventLoopGroup-3-1] DEBUG net.sf.ehcache.statistics.extended.ExtendedStatisticsImpl - Mocking Pass-Through Statistic: LOCAL_OFFHEAP_SIZE_BYTES
2018-09-10 23:53:32.430 [nioEventLoopGroup-3-1] DEBUG net.sf.ehcache.statistics.extended.ExtendedStatisticsImpl - Mocking Pass-Through Statistic: WRITER_QUEUE_LENGTH
2018-09-10 23:53:32.431 [nioEventLoopGroup-3-1] DEBUG net.sf.ehcache.statistics.extended.ExtendedStatisticsImpl - Mocking Pass-Through Statistic: REMOTE_SIZE
2018-09-10 23:53:32.431 [nioEventLoopGroup-3-1] DEBUG net.sf.ehcache.statistics.extended.ExtendedStatisticsImpl - Mocking Pass-Through Statistic: LAST_REJOIN_TIMESTAMP
2018-09-10 23:53:32.446 [nioEventLoopGroup-3-1] DEBUG net.sf.ehcache.statistics.extended.ExtendedStatisticsImpl - Mocking Operation Statistic: OFFHEAP_GET
2018-09-10 23:53:32.448 [nioEventLoopGroup-3-1] DEBUG net.sf.ehcache.statistics.extended.ExtendedStatisticsImpl - Mocking Operation Statistic: OFFHEAP_PUT
2018-09-10 23:53:32.448 [nioEventLoopGroup-3-1] DEBUG net.sf.ehcache.statistics.extended.ExtendedStatisticsImpl - Mocking Operation Statistic: OFFHEAP_REMOVE
2018-09-10 23:53:32.450 [nioEventLoopGroup-3-1] DEBUG net.sf.ehcache.statistics.extended.ExtendedStatisticsImpl - Mocking Operation Statistic: XA_COMMIT
2018-09-10 23:53:32.451 [nioEventLoopGroup-3-1] DEBUG net.sf.ehcache.statistics.extended.ExtendedStatisticsImpl - Mocking Operation Statistic: XA_ROLLBACK
2018-09-10 23:53:32.452 [nioEventLoopGroup-3-1] DEBUG net.sf.ehcache.statistics.extended.ExtendedStatisticsImpl - Mocking Operation Statistic: XA_RECOVERY
2018-09-10 23:53:32.453 [nioEventLoopGroup-3-1] DEBUG net.sf.ehcache.statistics.extended.ExtendedStatisticsImpl - Mocking Operation Statistic: CLUSTER_EVENT
2018-09-10 23:53:32.454 [nioEventLoopGroup-3-1] DEBUG net.sf.ehcache.statistics.extended.ExtendedStatisticsImpl - Mocking Operation Statistic: NONSTOP
2018-09-10 23:53:32.461 [nioEventLoopGroup-3-1] DEBUG net.sf.ehcache.Cache - Initialised cache: myCache
2018-09-10 23:53:32.462 [nioEventLoopGroup-3-1] DEBUG net.sf.ehcache.config.ConfigurationHelper - CacheDecoratorFactory not configured. Skipping for 'myCache'.
2018-09-10 23:53:32.462 [nioEventLoopGroup-3-1] DEBUG net.sf.ehcache.config.ConfigurationHelper - CacheDecoratorFactory not configured for defaultCache. Skipping for 'myCache'.
2018-09-10 23:53:32.597 [nioEventLoopGroup-3-1] DEBUG cn.zyzpp.jerry.JEResolver - Find JE File :index.html = index.html
2018-09-10 23:53:32.603 [nioEventLoopGroup-3-1] INFO  cn.zyzpp.jerry.JEConnection - Load Balance : https://www.kuaidi100.com/query?type=shentong&postid=3374107234608&id=1
2018-09-10 23:53:33.343 [nioEventLoopGroup-3-1] WARN  cn.zyzpp.handler.MyServerChannelHandler - exception occurred !
2018-09-10 23:53:33.359 [nioEventLoopGroup-3-2] DEBUG cn.zyzpp.jerry.JEResolver - Find JE File :index.html = index.html
2018-09-10 23:53:33.360 [nioEventLoopGroup-3-2] INFO  cn.zyzpp.jerry.JEConnection - Load Balance : https://www.kuaidi100.com/query?type=yuantong&postid=801371015800473775&id=1
2018-09-10 23:53:33.395 [nioEventLoopGroup-3-2] WARN  cn.zyzpp.handler.MyServerChannelHandler - exception occurred !
2018-09-10 23:53:33.410 [nioEventLoopGroup-3-3] DEBUG cn.zyzpp.jerry.JEResolver - Find JE File :index.html = index.html
2018-09-10 23:53:33.413 [nioEventLoopGroup-3-3] INFO  cn.zyzpp.jerry.JEConnection - Load Balance : https://www.kuaidi100.com/query?type=yuantong&postid=801371015800473775&id=1
2018-09-10 23:53:33.436 [nioEventLoopGroup-3-3] WARN  cn.zyzpp.handler.MyServerChannelHandler - exception occurred !
2018-09-10 23:57:03.106 [main] DEBUG io.netty.util.internal.logging.InternalLoggerFactory - Using SLF4J as the default logging framework
2018-09-10 23:57:03.125 [main] DEBUG io.netty.channel.MultithreadEventLoopGroup - -Dio.netty.eventLoopThreads: 8
2018-09-10 23:57:03.262 [main] DEBUG io.netty.channel.nio.NioEventLoop - -Dio.netty.noKeySetOptimization: false
2018-09-10 23:57:03.262 [main] DEBUG io.netty.channel.nio.NioEventLoop - -Dio.netty.selectorAutoRebuildThreshold: 512
2018-09-10 23:57:03.344 [main] DEBUG io.netty.util.internal.PlatformDependent - Platform: Windows
2018-09-10 23:57:03.348 [main] DEBUG io.netty.util.internal.PlatformDependent0 - -Dio.netty.noUnsafe: false
2018-09-10 23:57:03.349 [main] DEBUG io.netty.util.internal.PlatformDependent0 - Java version: 8
2018-09-10 23:57:03.356 [main] DEBUG io.netty.util.internal.PlatformDependent0 - sun.misc.Unsafe.theUnsafe: available
2018-09-10 23:57:03.359 [main] DEBUG io.netty.util.internal.PlatformDependent0 - sun.misc.Unsafe.copyMemory: available
2018-09-10 23:57:03.361 [main] DEBUG io.netty.util.internal.PlatformDependent0 - java.nio.Buffer.address: available
2018-09-10 23:57:03.363 [main] DEBUG io.netty.util.internal.PlatformDependent0 - direct buffer constructor: available
2018-09-10 23:57:03.365 [main] DEBUG io.netty.util.internal.PlatformDependent0 - java.nio.Bits.unaligned: available, true
2018-09-10 23:57:03.366 [main] DEBUG io.netty.util.internal.PlatformDependent0 - jdk.internal.misc.Unsafe.allocateUninitializedArray(int): unavailable prior to Java9
2018-09-10 23:57:03.366 [main] DEBUG io.netty.util.internal.PlatformDependent0 - java.nio.DirectByteBuffer.<init>(long, int): available
2018-09-10 23:57:03.366 [main] DEBUG io.netty.util.internal.PlatformDependent - sun.misc.Unsafe: available
2018-09-10 23:57:03.367 [main] DEBUG io.netty.util.internal.PlatformDependent - -Dio.netty.tmpdir: C:\Users\Administrator\AppData\Local\Temp (java.io.tmpdir)
2018-09-10 23:57:03.368 [main] DEBUG io.netty.util.internal.PlatformDependent - -Dio.netty.bitMode: 64 (sun.arch.data.model)
2018-09-10 23:57:03.374 [main] DEBUG io.netty.util.internal.PlatformDependent - -Dio.netty.noPreferDirect: false
2018-09-10 23:57:03.375 [main] DEBUG io.netty.util.internal.PlatformDependent - -Dio.netty.maxDirectMemory: 1883242496 bytes
2018-09-10 23:57:03.376 [main] DEBUG io.netty.util.internal.PlatformDependent - -Dio.netty.uninitializedArrayAllocationThreshold: -1
2018-09-10 23:57:03.378 [main] DEBUG io.netty.util.internal.CleanerJava6 - java.nio.ByteBuffer.cleaner(): available
2018-09-10 23:57:03.399 [main] DEBUG io.netty.util.internal.PlatformDependent - org.jctools-core.MpscChunkedArrayQueue: available
2018-09-10 23:57:04.541 [main] DEBUG io.netty.channel.DefaultChannelId - -Dio.netty.processId: 7876 (auto-detected)
2018-09-10 23:57:04.547 [main] DEBUG io.netty.util.NetUtil - -Djava.net.preferIPv4Stack: false
2018-09-10 23:57:04.548 [main] DEBUG io.netty.util.NetUtil - -Djava.net.preferIPv6Addresses: false
2018-09-10 23:57:04.834 [main] DEBUG io.netty.util.NetUtil - Loopback interface: lo (Software Loopback Interface 1, 127.0.0.1)
2018-09-10 23:57:04.838 [main] DEBUG io.netty.util.NetUtil - Failed to get SOMAXCONN from sysctl and file \proc\sys\net\core\somaxconn. Default: 200
2018-09-10 23:57:04.987 [main] DEBUG io.netty.channel.DefaultChannelId - -Dio.netty.machineId: 08:60:6e:ff:fe:1c:59:33 (auto-detected)
2018-09-10 23:57:04.999 [main] DEBUG io.netty.util.internal.InternalThreadLocalMap - -Dio.netty.threadLocalMap.stringBuilder.initialSize: 1024
2018-09-10 23:57:04.999 [main] DEBUG io.netty.util.internal.InternalThreadLocalMap - -Dio.netty.threadLocalMap.stringBuilder.maxSize: 4096
2018-09-10 23:57:05.017 [main] DEBUG io.netty.util.ResourceLeakDetector - -Dio.netty.leakDetection.level: simple
2018-09-10 23:57:05.017 [main] DEBUG io.netty.util.ResourceLeakDetector - -Dio.netty.leakDetection.targetRecords: 4
2018-09-10 23:57:05.083 [main] DEBUG io.netty.buffer.PooledByteBufAllocator - -Dio.netty.allocator.numHeapArenas: 8
2018-09-10 23:57:05.084 [main] DEBUG io.netty.buffer.PooledByteBufAllocator - -Dio.netty.allocator.numDirectArenas: 8
2018-09-10 23:57:05.087 [main] DEBUG io.netty.buffer.PooledByteBufAllocator - -Dio.netty.allocator.pageSize: 8192
2018-09-10 23:57:05.088 [main] DEBUG io.netty.buffer.PooledByteBufAllocator - -Dio.netty.allocator.maxOrder: 11
2018-09-10 23:57:05.088 [main] DEBUG io.netty.buffer.PooledByteBufAllocator - -Dio.netty.allocator.chunkSize: 16777216
2018-09-10 23:57:05.089 [main] DEBUG io.netty.buffer.PooledByteBufAllocator - -Dio.netty.allocator.tinyCacheSize: 512
2018-09-10 23:57:05.090 [main] DEBUG io.netty.buffer.PooledByteBufAllocator - -Dio.netty.allocator.smallCacheSize: 256
2018-09-10 23:57:05.090 [main] DEBUG io.netty.buffer.PooledByteBufAllocator - -Dio.netty.allocator.normalCacheSize: 64
2018-09-10 23:57:05.090 [main] DEBUG io.netty.buffer.PooledByteBufAllocator - -Dio.netty.allocator.maxCachedBufferCapacity: 32768
2018-09-10 23:57:05.096 [main] DEBUG io.netty.buffer.PooledByteBufAllocator - -Dio.netty.allocator.cacheTrimInterval: 8192
2018-09-10 23:57:05.097 [main] DEBUG io.netty.buffer.PooledByteBufAllocator - -Dio.netty.allocator.useCacheForAllThreads: true
2018-09-10 23:57:05.120 [main] DEBUG io.netty.buffer.ByteBufUtil - -Dio.netty.allocator.type: pooled
2018-09-10 23:57:05.121 [main] DEBUG io.netty.buffer.ByteBufUtil - -Dio.netty.threadLocalDirectBufferSize: 0
2018-09-10 23:57:05.121 [main] DEBUG io.netty.buffer.ByteBufUtil - -Dio.netty.maxThreadLocalCharBufferSize: 16384
2018-09-10 23:57:05.172 [main] INFO  cn.zyzpp.service.HttpServerStartup - WEB_ROOT : D:\IDEA\workSpace\JerryServer\webapps
2018-09-10 23:57:05.174 [main] INFO  cn.zyzpp.service.HttpServerStartup - Jerry server 8888 startup, Time 2094ms
2018-09-10 23:57:14.795 [nioEventLoopGroup-3-1] DEBUG io.netty.buffer.AbstractByteBuf - -Dio.netty.buffer.bytebuf.checkAccessible: true
2018-09-10 23:57:14.797 [nioEventLoopGroup-3-1] DEBUG io.netty.util.ResourceLeakDetectorFactory - Loaded default ResourceLeakDetector: io.netty.util.ResourceLeakDetector@7ebe7d3c
2018-09-10 23:57:14.870 [nioEventLoopGroup-3-1] DEBUG io.netty.util.Recycler - -Dio.netty.recycler.maxCapacityPerThread: 4096
2018-09-10 23:57:14.871 [nioEventLoopGroup-3-1] DEBUG io.netty.util.Recycler - -Dio.netty.recycler.maxSharedCapacityFactor: 2
2018-09-10 23:57:14.871 [nioEventLoopGroup-3-1] DEBUG io.netty.util.Recycler - -Dio.netty.recycler.linkCapacity: 16
2018-09-10 23:57:14.871 [nioEventLoopGroup-3-1] DEBUG io.netty.util.Recycler - -Dio.netty.recycler.ratio: 8
2018-09-10 23:57:14.950 [nioEventLoopGroup-3-1] DEBUG net.sf.ehcache.config.DiskStoreConfiguration - Disk Store Path: C:\Users\Administrator\AppData\Local\Temp\
2018-09-10 23:57:14.961 [nioEventLoopGroup-3-1] DEBUG net.sf.ehcache.CacheManager - Creating new CacheManager with Configuration Object
2018-09-10 23:57:14.966 [nioEventLoopGroup-3-1] DEBUG net.sf.ehcache.util.PropertyUtil - propertiesString is null.
2018-09-10 23:57:14.981 [nioEventLoopGroup-3-1] DEBUG net.sf.ehcache.config.ConfigurationHelper - No CacheManagerEventListenerFactory class specified. Skipping...
2018-09-10 23:57:15.102 [nioEventLoopGroup-3-1] DEBUG net.sf.ehcache.Cache - No BootstrapCacheLoaderFactory class specified. Skipping...
2018-09-10 23:57:15.103 [nioEventLoopGroup-3-1] DEBUG net.sf.ehcache.Cache - CacheWriter factory not configured. Skipping...
2018-09-10 23:57:15.103 [nioEventLoopGroup-3-1] DEBUG net.sf.ehcache.config.ConfigurationHelper - No CacheExceptionHandlerFactory class specified. Skipping...
2018-09-10 23:57:15.133 [nioEventLoopGroup-3-1] DEBUG net.sf.ehcache.DiskStorePathManager - Using diskstore path C:\Users\Administrator\AppData\Local\Temp
2018-09-10 23:57:15.134 [nioEventLoopGroup-3-1] DEBUG net.sf.ehcache.DiskStorePathManager - Holding exclusive lock on C:\Users\Administrator\AppData\Local\Temp\.ehcache-diskstore.lock
2018-09-10 23:57:15.137 [nioEventLoopGroup-3-1] DEBUG net.sf.ehcache.store.disk.DiskStorageFactory - Failed to delete file my%0043ache.index
2018-09-10 23:57:15.154 [nioEventLoopGroup-3-1] DEBUG net.sf.ehcache.store.disk.DiskStorageFactory - Matching data file missing (or empty) for index file. Deleting index file C:\Users\Administrator\AppData\Local\Temp\my%0043ache.index
2018-09-10 23:57:15.155 [nioEventLoopGroup-3-1] DEBUG net.sf.ehcache.store.disk.DiskStorageFactory - Failed to delete file my%0043ache.index
2018-09-10 23:57:15.261 [nioEventLoopGroup-3-1] DEBUG net.sf.ehcache.statistics.extended.ExtendedStatisticsImpl - Mocking Pass-Through Statistic: LOCAL_OFFHEAP_SIZE
2018-09-10 23:57:15.263 [nioEventLoopGroup-3-1] DEBUG net.sf.ehcache.statistics.extended.ExtendedStatisticsImpl - Mocking Pass-Through Statistic: LOCAL_OFFHEAP_SIZE_BYTES
2018-09-10 23:57:15.264 [nioEventLoopGroup-3-1] DEBUG net.sf.ehcache.statistics.extended.ExtendedStatisticsImpl - Mocking Pass-Through Statistic: WRITER_QUEUE_LENGTH
2018-09-10 23:57:15.265 [nioEventLoopGroup-3-1] DEBUG net.sf.ehcache.statistics.extended.ExtendedStatisticsImpl - Mocking Pass-Through Statistic: REMOTE_SIZE
2018-09-10 23:57:15.265 [nioEventLoopGroup-3-1] DEBUG net.sf.ehcache.statistics.extended.ExtendedStatisticsImpl - Mocking Pass-Through Statistic: LAST_REJOIN_TIMESTAMP
2018-09-10 23:57:15.286 [nioEventLoopGroup-3-1] DEBUG net.sf.ehcache.statistics.extended.ExtendedStatisticsImpl - Mocking Operation Statistic: OFFHEAP_GET
2018-09-10 23:57:15.287 [nioEventLoopGroup-3-1] DEBUG net.sf.ehcache.statistics.extended.ExtendedStatisticsImpl - Mocking Operation Statistic: OFFHEAP_PUT
2018-09-10 23:57:15.288 [nioEventLoopGroup-3-1] DEBUG net.sf.ehcache.statistics.extended.ExtendedStatisticsImpl - Mocking Operation Statistic: OFFHEAP_REMOVE
2018-09-10 23:57:15.291 [nioEventLoopGroup-3-1] DEBUG net.sf.ehcache.statistics.extended.ExtendedStatisticsImpl - Mocking Operation Statistic: XA_COMMIT
2018-09-10 23:57:15.291 [nioEventLoopGroup-3-1] DEBUG net.sf.ehcache.statistics.extended.ExtendedStatisticsImpl - Mocking Operation Statistic: XA_ROLLBACK
2018-09-10 23:57:15.292 [nioEventLoopGroup-3-1] DEBUG net.sf.ehcache.statistics.extended.ExtendedStatisticsImpl - Mocking Operation Statistic: XA_RECOVERY
2018-09-10 23:57:15.293 [nioEventLoopGroup-3-1] DEBUG net.sf.ehcache.statistics.extended.ExtendedStatisticsImpl - Mocking Operation Statistic: CLUSTER_EVENT
2018-09-10 23:57:15.294 [nioEventLoopGroup-3-1] DEBUG net.sf.ehcache.statistics.extended.ExtendedStatisticsImpl - Mocking Operation Statistic: NONSTOP
2018-09-10 23:57:15.303 [nioEventLoopGroup-3-1] DEBUG net.sf.ehcache.Cache - Initialised cache: myCache
2018-09-10 23:57:15.304 [nioEventLoopGroup-3-1] DEBUG net.sf.ehcache.config.ConfigurationHelper - CacheDecoratorFactory not configured. Skipping for 'myCache'.
2018-09-10 23:57:15.304 [nioEventLoopGroup-3-1] DEBUG net.sf.ehcache.config.ConfigurationHelper - CacheDecoratorFactory not configured for defaultCache. Skipping for 'myCache'.
2018-09-10 23:57:15.487 [nioEventLoopGroup-3-1] DEBUG cn.zyzpp.jerry.JEResolver - Find JE File :index.html = index.html
2018-09-10 23:57:15.542 [nioEventLoopGroup-3-1] INFO  cn.zyzpp.jerry.JEConnection - Load Balance : https://www.kuaidi100.com/query?type=shentong&postid=3374107234608&id=1
2018-09-10 23:58:21.812 [nioEventLoopGroup-3-1] WARN  cn.zyzpp.handler.MyServerChannelHandler - exception occurred !
2018-09-10 23:58:21.897 [nioEventLoopGroup-3-3] DEBUG cn.zyzpp.jerry.JEResolver - Find JE File :index.html = index.html
2018-09-10 23:58:21.899 [nioEventLoopGroup-3-3] INFO  cn.zyzpp.jerry.JEConnection - Load Balance : https://www.kuaidi100.com/query?type=yuantong&postid=801371015800473775&id=1
