2018-09-07 09:55:21.894 [main] DEBUG io.netty.util.internal.logging.InternalLoggerFactory - Using SLF4J as the default logging framework
2018-09-07 09:55:21.898 [main] DEBUG io.netty.channel.MultithreadEventLoopGroup - -Dio.netty.eventLoopThreads: 8
2018-09-07 09:55:21.927 [main] DEBUG io.netty.channel.nio.NioEventLoop - -Dio.netty.noKeySetOptimization: false
2018-09-07 09:55:21.927 [main] DEBUG io.netty.channel.nio.NioEventLoop - -Dio.netty.selectorAutoRebuildThreshold: 512
2018-09-07 09:55:21.955 [main] DEBUG io.netty.util.internal.PlatformDependent - Platform: Windows
2018-09-07 09:55:21.958 [main] DEBUG io.netty.util.internal.PlatformDependent0 - -Dio.netty.noUnsafe: false
2018-09-07 09:55:21.958 [main] DEBUG io.netty.util.internal.PlatformDependent0 - Java version: 8
2018-09-07 09:55:21.960 [main] DEBUG io.netty.util.internal.PlatformDependent0 - sun.misc.Unsafe.theUnsafe: available
2018-09-07 09:55:21.961 [main] DEBUG io.netty.util.internal.PlatformDependent0 - sun.misc.Unsafe.copyMemory: available
2018-09-07 09:55:21.962 [main] DEBUG io.netty.util.internal.PlatformDependent0 - java.nio.Buffer.address: available
2018-09-07 09:55:21.963 [main] DEBUG io.netty.util.internal.PlatformDependent0 - direct buffer constructor: available
2018-09-07 09:55:21.964 [main] DEBUG io.netty.util.internal.PlatformDependent0 - java.nio.Bits.unaligned: available, true
2018-09-07 09:55:21.965 [main] DEBUG io.netty.util.internal.PlatformDependent0 - jdk.internal.misc.Unsafe.allocateUninitializedArray(int): unavailable prior to Java9
2018-09-07 09:55:21.966 [main] DEBUG io.netty.util.internal.PlatformDependent0 - java.nio.DirectByteBuffer.<init>(long, int): available
2018-09-07 09:55:21.966 [main] DEBUG io.netty.util.internal.PlatformDependent - sun.misc.Unsafe: available
2018-09-07 09:55:21.969 [main] DEBUG io.netty.util.internal.PlatformDependent - -Dio.netty.tmpdir: C:\Users\Administrator\AppData\Local\Temp (java.io.tmpdir)
2018-09-07 09:55:21.969 [main] DEBUG io.netty.util.internal.PlatformDependent - -Dio.netty.bitMode: 64 (sun.arch.data.model)
2018-09-07 09:55:21.973 [main] DEBUG io.netty.util.internal.PlatformDependent - -Dio.netty.noPreferDirect: false
2018-09-07 09:55:21.973 [main] DEBUG io.netty.util.internal.PlatformDependent - -Dio.netty.maxDirectMemory: 1883242496 bytes
2018-09-07 09:55:21.974 [main] DEBUG io.netty.util.internal.PlatformDependent - -Dio.netty.uninitializedArrayAllocationThreshold: -1
2018-09-07 09:55:21.978 [main] DEBUG io.netty.util.internal.CleanerJava6 - java.nio.ByteBuffer.cleaner(): available
2018-09-07 09:55:21.988 [main] DEBUG io.netty.util.internal.PlatformDependent - org.jctools-core.MpscChunkedArrayQueue: available
2018-09-07 09:55:22.624 [main] INFO  cn.zyzpp.service.HttpServerStartup - WEB_ROOT : D:\IDEA\workSpace\JerryServer\webapps
2018-09-07 09:55:22.626 [main] INFO  cn.zyzpp.service.HttpServerStartup - Jerry server 8888 startup, Time 738ms
2018-09-07 12:23:25.237 [main] DEBUG io.netty.util.internal.logging.InternalLoggerFactory - Using SLF4J as the default logging framework
2018-09-07 12:23:25.242 [main] DEBUG io.netty.channel.MultithreadEventLoopGroup - -Dio.netty.eventLoopThreads: 8
2018-09-07 12:23:25.270 [main] DEBUG io.netty.channel.nio.NioEventLoop - -Dio.netty.noKeySetOptimization: false
2018-09-07 12:23:25.271 [main] DEBUG io.netty.channel.nio.NioEventLoop - -Dio.netty.selectorAutoRebuildThreshold: 512
2018-09-07 12:23:25.301 [main] DEBUG io.netty.util.internal.PlatformDependent - Platform: Windows
2018-09-07 12:23:25.304 [main] DEBUG io.netty.util.internal.PlatformDependent0 - -Dio.netty.noUnsafe: false
2018-09-07 12:23:25.305 [main] DEBUG io.netty.util.internal.PlatformDependent0 - Java version: 8
2018-09-07 12:23:25.308 [main] DEBUG io.netty.util.internal.PlatformDependent0 - sun.misc.Unsafe.theUnsafe: available
2018-09-07 12:23:25.310 [main] DEBUG io.netty.util.internal.PlatformDependent0 - sun.misc.Unsafe.copyMemory: available
2018-09-07 12:23:25.310 [main] DEBUG io.netty.util.internal.PlatformDependent0 - java.nio.Buffer.address: available
2018-09-07 12:23:25.311 [main] DEBUG io.netty.util.internal.PlatformDependent0 - direct buffer constructor: available
2018-09-07 12:23:25.313 [main] DEBUG io.netty.util.internal.PlatformDependent0 - java.nio.Bits.unaligned: available, true
2018-09-07 12:23:25.313 [main] DEBUG io.netty.util.internal.PlatformDependent0 - jdk.internal.misc.Unsafe.allocateUninitializedArray(int): unavailable prior to Java9
2018-09-07 12:23:25.313 [main] DEBUG io.netty.util.internal.PlatformDependent0 - java.nio.DirectByteBuffer.<init>(long, int): available
2018-09-07 12:23:25.314 [main] DEBUG io.netty.util.internal.PlatformDependent - sun.misc.Unsafe: available
2018-09-07 12:23:25.316 [main] DEBUG io.netty.util.internal.PlatformDependent - -Dio.netty.tmpdir: C:\Users\Administrator\AppData\Local\Temp (java.io.tmpdir)
2018-09-07 12:23:25.317 [main] DEBUG io.netty.util.internal.PlatformDependent - -Dio.netty.bitMode: 64 (sun.arch.data.model)
2018-09-07 12:23:25.320 [main] DEBUG io.netty.util.internal.PlatformDependent - -Dio.netty.noPreferDirect: false
2018-09-07 12:23:25.322 [main] DEBUG io.netty.util.internal.PlatformDependent - -Dio.netty.maxDirectMemory: 1883242496 bytes
2018-09-07 12:23:25.324 [main] DEBUG io.netty.util.internal.PlatformDependent - -Dio.netty.uninitializedArrayAllocationThreshold: -1
2018-09-07 12:23:25.327 [main] DEBUG io.netty.util.internal.CleanerJava6 - java.nio.ByteBuffer.cleaner(): available
2018-09-07 12:23:25.338 [main] DEBUG io.netty.util.internal.PlatformDependent - org.jctools-core.MpscChunkedArrayQueue: available
2018-09-07 12:23:25.982 [main] INFO  cn.zyzpp.service.HttpServerStartup - WEB_ROOT : D:\IDEA\workSpace\JerryServer\webapps
2018-09-07 12:23:25.983 [main] INFO  cn.zyzpp.service.HttpServerStartup - Jerry server 8888 startup, Time 754ms
2018-09-07 20:10:08.832 [main] DEBUG io.netty.util.internal.logging.InternalLoggerFactory - Using SLF4J as the default logging framework
2018-09-07 20:10:08.843 [main] DEBUG io.netty.channel.MultithreadEventLoopGroup - -Dio.netty.eventLoopThreads: 8
2018-09-07 20:10:08.941 [main] DEBUG io.netty.channel.nio.NioEventLoop - -Dio.netty.noKeySetOptimization: false
2018-09-07 20:10:08.942 [main] DEBUG io.netty.channel.nio.NioEventLoop - -Dio.netty.selectorAutoRebuildThreshold: 512
2018-09-07 20:10:08.997 [main] DEBUG io.netty.util.internal.PlatformDependent - Platform: Windows
2018-09-07 20:10:09.002 [main] DEBUG io.netty.util.internal.PlatformDependent0 - -Dio.netty.noUnsafe: false
2018-09-07 20:10:09.003 [main] DEBUG io.netty.util.internal.PlatformDependent0 - Java version: 8
2018-09-07 20:10:09.006 [main] DEBUG io.netty.util.internal.PlatformDependent0 - sun.misc.Unsafe.theUnsafe: available
2018-09-07 20:10:09.009 [main] DEBUG io.netty.util.internal.PlatformDependent0 - sun.misc.Unsafe.copyMemory: available
2018-09-07 20:10:09.011 [main] DEBUG io.netty.util.internal.PlatformDependent0 - java.nio.Buffer.address: available
2018-09-07 20:10:09.012 [main] DEBUG io.netty.util.internal.PlatformDependent0 - direct buffer constructor: available
2018-09-07 20:10:09.014 [main] DEBUG io.netty.util.internal.PlatformDependent0 - java.nio.Bits.unaligned: available, true
2018-09-07 20:10:09.014 [main] DEBUG io.netty.util.internal.PlatformDependent0 - jdk.internal.misc.Unsafe.allocateUninitializedArray(int): unavailable prior to Java9
2018-09-07 20:10:09.014 [main] DEBUG io.netty.util.internal.PlatformDependent0 - java.nio.DirectByteBuffer.<init>(long, int): available
2018-09-07 20:10:09.014 [main] DEBUG io.netty.util.internal.PlatformDependent - sun.misc.Unsafe: available
2018-09-07 20:10:09.015 [main] DEBUG io.netty.util.internal.PlatformDependent - -Dio.netty.tmpdir: C:\Users\Administrator\AppData\Local\Temp (java.io.tmpdir)
2018-09-07 20:10:09.017 [main] DEBUG io.netty.util.internal.PlatformDependent - -Dio.netty.bitMode: 64 (sun.arch.data.model)
2018-09-07 20:10:09.024 [main] DEBUG io.netty.util.internal.PlatformDependent - -Dio.netty.noPreferDirect: false
2018-09-07 20:10:09.024 [main] DEBUG io.netty.util.internal.PlatformDependent - -Dio.netty.maxDirectMemory: 1883242496 bytes
2018-09-07 20:10:09.025 [main] DEBUG io.netty.util.internal.PlatformDependent - -Dio.netty.uninitializedArrayAllocationThreshold: -1
2018-09-07 20:10:09.028 [main] DEBUG io.netty.util.internal.CleanerJava6 - java.nio.ByteBuffer.cleaner(): available
2018-09-07 20:10:09.040 [main] DEBUG io.netty.util.internal.PlatformDependent - org.jctools-core.MpscChunkedArrayQueue: available
2018-09-07 20:10:10.663 [main] INFO  cn.zyzpp.service.HttpServerStartup - WEB_ROOT : D:\IDEA\workSpace\JerryServer\webapps
2018-09-07 20:10:10.664 [main] INFO  cn.zyzpp.service.HttpServerStartup - Jerry server 8888 startup, Time 1856ms
2018-09-07 20:11:05.579 [main] DEBUG io.netty.util.internal.logging.InternalLoggerFactory - Using SLF4J as the default logging framework
2018-09-07 20:11:05.586 [main] DEBUG io.netty.channel.MultithreadEventLoopGroup - -Dio.netty.eventLoopThreads: 8
2018-09-07 20:11:05.653 [main] DEBUG io.netty.channel.nio.NioEventLoop - -Dio.netty.noKeySetOptimization: false
2018-09-07 20:11:05.654 [main] DEBUG io.netty.channel.nio.NioEventLoop - -Dio.netty.selectorAutoRebuildThreshold: 512
2018-09-07 20:11:05.698 [main] DEBUG io.netty.util.internal.PlatformDependent - Platform: Windows
2018-09-07 20:11:05.701 [main] DEBUG io.netty.util.internal.PlatformDependent0 - -Dio.netty.noUnsafe: false
2018-09-07 20:11:05.702 [main] DEBUG io.netty.util.internal.PlatformDependent0 - Java version: 8
2018-09-07 20:11:05.704 [main] DEBUG io.netty.util.internal.PlatformDependent0 - sun.misc.Unsafe.theUnsafe: available
2018-09-07 20:11:05.706 [main] DEBUG io.netty.util.internal.PlatformDependent0 - sun.misc.Unsafe.copyMemory: available
2018-09-07 20:11:05.707 [main] DEBUG io.netty.util.internal.PlatformDependent0 - java.nio.Buffer.address: available
2018-09-07 20:11:05.707 [main] DEBUG io.netty.util.internal.PlatformDependent0 - direct buffer constructor: available
2018-09-07 20:11:05.708 [main] DEBUG io.netty.util.internal.PlatformDependent0 - java.nio.Bits.unaligned: available, true
2018-09-07 20:11:05.709 [main] DEBUG io.netty.util.internal.PlatformDependent0 - jdk.internal.misc.Unsafe.allocateUninitializedArray(int): unavailable prior to Java9
2018-09-07 20:11:05.709 [main] DEBUG io.netty.util.internal.PlatformDependent0 - java.nio.DirectByteBuffer.<init>(long, int): available
2018-09-07 20:11:05.709 [main] DEBUG io.netty.util.internal.PlatformDependent - sun.misc.Unsafe: available
2018-09-07 20:11:05.711 [main] DEBUG io.netty.util.internal.PlatformDependent - -Dio.netty.tmpdir: C:\Users\Administrator\AppData\Local\Temp (java.io.tmpdir)
2018-09-07 20:11:05.713 [main] DEBUG io.netty.util.internal.PlatformDependent - -Dio.netty.bitMode: 64 (sun.arch.data.model)
2018-09-07 20:11:05.715 [main] DEBUG io.netty.util.internal.PlatformDependent - -Dio.netty.noPreferDirect: false
2018-09-07 20:11:05.715 [main] DEBUG io.netty.util.internal.PlatformDependent - -Dio.netty.maxDirectMemory: 1883242496 bytes
2018-09-07 20:11:05.715 [main] DEBUG io.netty.util.internal.PlatformDependent - -Dio.netty.uninitializedArrayAllocationThreshold: -1
2018-09-07 20:11:05.716 [main] DEBUG io.netty.util.internal.CleanerJava6 - java.nio.ByteBuffer.cleaner(): available
2018-09-07 20:11:05.730 [main] DEBUG io.netty.util.internal.PlatformDependent - org.jctools-core.MpscChunkedArrayQueue: available
2018-09-07 20:11:06.555 [main] INFO  cn.zyzpp.service.HttpServerStartup - WEB_ROOT : D:\IDEA\workSpace\JerryServer\webapps
2018-09-07 20:11:06.557 [main] INFO  cn.zyzpp.service.HttpServerStartup - Jerry server 8888 startup, Time 992ms
2018-09-07 20:11:22.786 [main] DEBUG io.netty.util.internal.logging.InternalLoggerFactory - Using SLF4J as the default logging framework
2018-09-07 20:11:22.795 [main] DEBUG io.netty.channel.MultithreadEventLoopGroup - -Dio.netty.eventLoopThreads: 8
2018-09-07 20:11:22.863 [main] DEBUG io.netty.channel.nio.NioEventLoop - -Dio.netty.noKeySetOptimization: false
2018-09-07 20:11:22.863 [main] DEBUG io.netty.channel.nio.NioEventLoop - -Dio.netty.selectorAutoRebuildThreshold: 512
2018-09-07 20:11:22.902 [main] DEBUG io.netty.util.internal.PlatformDependent - Platform: Windows
2018-09-07 20:11:22.907 [main] DEBUG io.netty.util.internal.PlatformDependent0 - -Dio.netty.noUnsafe: false
2018-09-07 20:11:22.908 [main] DEBUG io.netty.util.internal.PlatformDependent0 - Java version: 8
2018-09-07 20:11:22.911 [main] DEBUG io.netty.util.internal.PlatformDependent0 - sun.misc.Unsafe.theUnsafe: available
2018-09-07 20:11:22.913 [main] DEBUG io.netty.util.internal.PlatformDependent0 - sun.misc.Unsafe.copyMemory: available
2018-09-07 20:11:22.916 [main] DEBUG io.netty.util.internal.PlatformDependent0 - java.nio.Buffer.address: available
2018-09-07 20:11:22.917 [main] DEBUG io.netty.util.internal.PlatformDependent0 - direct buffer constructor: available
2018-09-07 20:11:22.919 [main] DEBUG io.netty.util.internal.PlatformDependent0 - java.nio.Bits.unaligned: available, true
2018-09-07 20:11:22.919 [main] DEBUG io.netty.util.internal.PlatformDependent0 - jdk.internal.misc.Unsafe.allocateUninitializedArray(int): unavailable prior to Java9
2018-09-07 20:11:22.919 [main] DEBUG io.netty.util.internal.PlatformDependent0 - java.nio.DirectByteBuffer.<init>(long, int): available
2018-09-07 20:11:22.919 [main] DEBUG io.netty.util.internal.PlatformDependent - sun.misc.Unsafe: available
2018-09-07 20:11:22.920 [main] DEBUG io.netty.util.internal.PlatformDependent - -Dio.netty.tmpdir: C:\Users\Administrator\AppData\Local\Temp (java.io.tmpdir)
2018-09-07 20:11:22.921 [main] DEBUG io.netty.util.internal.PlatformDependent - -Dio.netty.bitMode: 64 (sun.arch.data.model)
2018-09-07 20:11:22.923 [main] DEBUG io.netty.util.internal.PlatformDependent - -Dio.netty.noPreferDirect: false
2018-09-07 20:11:22.924 [main] DEBUG io.netty.util.internal.PlatformDependent - -Dio.netty.maxDirectMemory: 1883242496 bytes
2018-09-07 20:11:22.924 [main] DEBUG io.netty.util.internal.PlatformDependent - -Dio.netty.uninitializedArrayAllocationThreshold: -1
2018-09-07 20:11:22.925 [main] DEBUG io.netty.util.internal.CleanerJava6 - java.nio.ByteBuffer.cleaner(): available
2018-09-07 20:11:22.942 [main] DEBUG io.netty.util.internal.PlatformDependent - org.jctools-core.MpscChunkedArrayQueue: available
2018-09-07 20:11:23.932 [main] INFO  cn.zyzpp.service.HttpServerStartup - WEB_ROOT : D:\IDEA\workSpace\JerryServer\webapps
2018-09-07 20:11:23.937 [main] INFO  cn.zyzpp.service.HttpServerStartup - Jerry server 8888 startup, Time 1161ms
2018-09-07 20:11:44.973 [main] DEBUG io.netty.util.internal.logging.InternalLoggerFactory - Using SLF4J as the default logging framework
2018-09-07 20:11:44.982 [main] DEBUG io.netty.channel.MultithreadEventLoopGroup - -Dio.netty.eventLoopThreads: 8
2018-09-07 20:11:45.042 [main] DEBUG io.netty.channel.nio.NioEventLoop - -Dio.netty.noKeySetOptimization: false
2018-09-07 20:11:45.042 [main] DEBUG io.netty.channel.nio.NioEventLoop - -Dio.netty.selectorAutoRebuildThreshold: 512
2018-09-07 20:11:45.078 [main] DEBUG io.netty.util.internal.PlatformDependent - Platform: Windows
2018-09-07 20:11:45.081 [main] DEBUG io.netty.util.internal.PlatformDependent0 - -Dio.netty.noUnsafe: false
2018-09-07 20:11:45.082 [main] DEBUG io.netty.util.internal.PlatformDependent0 - Java version: 8
2018-09-07 20:11:45.086 [main] DEBUG io.netty.util.internal.PlatformDependent0 - sun.misc.Unsafe.theUnsafe: available
2018-09-07 20:11:45.088 [main] DEBUG io.netty.util.internal.PlatformDependent0 - sun.misc.Unsafe.copyMemory: available
2018-09-07 20:11:45.089 [main] DEBUG io.netty.util.internal.PlatformDependent0 - java.nio.Buffer.address: available
2018-09-07 20:11:45.090 [main] DEBUG io.netty.util.internal.PlatformDependent0 - direct buffer constructor: available
2018-09-07 20:11:45.092 [main] DEBUG io.netty.util.internal.PlatformDependent0 - java.nio.Bits.unaligned: available, true
2018-09-07 20:11:45.092 [main] DEBUG io.netty.util.internal.PlatformDependent0 - jdk.internal.misc.Unsafe.allocateUninitializedArray(int): unavailable prior to Java9
2018-09-07 20:11:45.092 [main] DEBUG io.netty.util.internal.PlatformDependent0 - java.nio.DirectByteBuffer.<init>(long, int): available
2018-09-07 20:11:45.092 [main] DEBUG io.netty.util.internal.PlatformDependent - sun.misc.Unsafe: available
2018-09-07 20:11:45.093 [main] DEBUG io.netty.util.internal.PlatformDependent - -Dio.netty.tmpdir: C:\Users\Administrator\AppData\Local\Temp (java.io.tmpdir)
2018-09-07 20:11:45.095 [main] DEBUG io.netty.util.internal.PlatformDependent - -Dio.netty.bitMode: 64 (sun.arch.data.model)
2018-09-07 20:11:45.099 [main] DEBUG io.netty.util.internal.PlatformDependent - -Dio.netty.noPreferDirect: false
2018-09-07 20:11:45.099 [main] DEBUG io.netty.util.internal.PlatformDependent - -Dio.netty.maxDirectMemory: 1883242496 bytes
2018-09-07 20:11:45.099 [main] DEBUG io.netty.util.internal.PlatformDependent - -Dio.netty.uninitializedArrayAllocationThreshold: -1
2018-09-07 20:11:45.101 [main] DEBUG io.netty.util.internal.CleanerJava6 - java.nio.ByteBuffer.cleaner(): available
2018-09-07 20:11:45.117 [main] DEBUG io.netty.util.internal.PlatformDependent - org.jctools-core.MpscChunkedArrayQueue: available
2018-09-07 20:11:45.951 [main] INFO  cn.zyzpp.service.HttpServerStartup - WEB_ROOT : D:\IDEA\workSpace\JerryServer\webapps
2018-09-07 20:11:45.952 [main] INFO  cn.zyzpp.service.HttpServerStartup - Jerry server 8888 startup, Time 995ms
2018-09-07 20:12:11.796 [main] DEBUG io.netty.util.internal.logging.InternalLoggerFactory - Using SLF4J as the default logging framework
2018-09-07 20:12:11.804 [main] DEBUG io.netty.channel.MultithreadEventLoopGroup - -Dio.netty.eventLoopThreads: 8
2018-09-07 20:12:11.866 [main] DEBUG io.netty.channel.nio.NioEventLoop - -Dio.netty.noKeySetOptimization: false
2018-09-07 20:12:11.867 [main] DEBUG io.netty.channel.nio.NioEventLoop - -Dio.netty.selectorAutoRebuildThreshold: 512
2018-09-07 20:12:11.907 [main] DEBUG io.netty.util.internal.PlatformDependent - Platform: Windows
2018-09-07 20:12:11.911 [main] DEBUG io.netty.util.internal.PlatformDependent0 - -Dio.netty.noUnsafe: false
2018-09-07 20:12:11.911 [main] DEBUG io.netty.util.internal.PlatformDependent0 - Java version: 8
2018-09-07 20:12:11.915 [main] DEBUG io.netty.util.internal.PlatformDependent0 - sun.misc.Unsafe.theUnsafe: available
2018-09-07 20:12:11.918 [main] DEBUG io.netty.util.internal.PlatformDependent0 - sun.misc.Unsafe.copyMemory: available
2018-09-07 20:12:11.919 [main] DEBUG io.netty.util.internal.PlatformDependent0 - java.nio.Buffer.address: available
2018-09-07 20:12:11.920 [main] DEBUG io.netty.util.internal.PlatformDependent0 - direct buffer constructor: available
2018-09-07 20:12:11.922 [main] DEBUG io.netty.util.internal.PlatformDependent0 - java.nio.Bits.unaligned: available, true
2018-09-07 20:12:11.922 [main] DEBUG io.netty.util.internal.PlatformDependent0 - jdk.internal.misc.Unsafe.allocateUninitializedArray(int): unavailable prior to Java9
2018-09-07 20:12:11.922 [main] DEBUG io.netty.util.internal.PlatformDependent0 - java.nio.DirectByteBuffer.<init>(long, int): available
2018-09-07 20:12:11.923 [main] DEBUG io.netty.util.internal.PlatformDependent - sun.misc.Unsafe: available
2018-09-07 20:12:11.925 [main] DEBUG io.netty.util.internal.PlatformDependent - -Dio.netty.tmpdir: C:\Users\Administrator\AppData\Local\Temp (java.io.tmpdir)
2018-09-07 20:12:11.927 [main] DEBUG io.netty.util.internal.PlatformDependent - -Dio.netty.bitMode: 64 (sun.arch.data.model)
2018-09-07 20:12:11.933 [main] DEBUG io.netty.util.internal.PlatformDependent - -Dio.netty.noPreferDirect: false
2018-09-07 20:12:11.933 [main] DEBUG io.netty.util.internal.PlatformDependent - -Dio.netty.maxDirectMemory: 1883242496 bytes
2018-09-07 20:12:11.933 [main] DEBUG io.netty.util.internal.PlatformDependent - -Dio.netty.uninitializedArrayAllocationThreshold: -1
2018-09-07 20:12:11.936 [main] DEBUG io.netty.util.internal.CleanerJava6 - java.nio.ByteBuffer.cleaner(): available
2018-09-07 20:12:11.951 [main] DEBUG io.netty.util.internal.PlatformDependent - org.jctools-core.MpscChunkedArrayQueue: available
2018-09-07 20:12:13.007 [main] INFO  cn.zyzpp.service.HttpServerStartup - WEB_ROOT : D:\IDEA\workSpace\JerryServer\webapps
2018-09-07 20:12:13.010 [main] INFO  cn.zyzpp.service.HttpServerStartup - Jerry server 8888 startup, Time 1227ms
2018-09-07 20:12:22.439 [main] DEBUG io.netty.util.internal.logging.InternalLoggerFactory - Using SLF4J as the default logging framework
2018-09-07 20:12:22.447 [main] DEBUG io.netty.channel.MultithreadEventLoopGroup - -Dio.netty.eventLoopThreads: 8
2018-09-07 20:12:22.498 [main] DEBUG io.netty.channel.nio.NioEventLoop - -Dio.netty.noKeySetOptimization: false
2018-09-07 20:12:22.498 [main] DEBUG io.netty.channel.nio.NioEventLoop - -Dio.netty.selectorAutoRebuildThreshold: 512
2018-09-07 20:12:22.536 [main] DEBUG io.netty.util.internal.PlatformDependent - Platform: Windows
2018-09-07 20:12:22.538 [main] DEBUG io.netty.util.internal.PlatformDependent0 - -Dio.netty.noUnsafe: false
2018-09-07 20:12:22.538 [main] DEBUG io.netty.util.internal.PlatformDependent0 - Java version: 8
2018-09-07 20:12:22.542 [main] DEBUG io.netty.util.internal.PlatformDependent0 - sun.misc.Unsafe.theUnsafe: available
2018-09-07 20:12:22.543 [main] DEBUG io.netty.util.internal.PlatformDependent0 - sun.misc.Unsafe.copyMemory: available
2018-09-07 20:12:22.545 [main] DEBUG io.netty.util.internal.PlatformDependent0 - java.nio.Buffer.address: available
2018-09-07 20:12:22.546 [main] DEBUG io.netty.util.internal.PlatformDependent0 - direct buffer constructor: available
2018-09-07 20:12:22.547 [main] DEBUG io.netty.util.internal.PlatformDependent0 - java.nio.Bits.unaligned: available, true
2018-09-07 20:12:22.547 [main] DEBUG io.netty.util.internal.PlatformDependent0 - jdk.internal.misc.Unsafe.allocateUninitializedArray(int): unavailable prior to Java9
2018-09-07 20:12:22.548 [main] DEBUG io.netty.util.internal.PlatformDependent0 - java.nio.DirectByteBuffer.<init>(long, int): available
2018-09-07 20:12:22.548 [main] DEBUG io.netty.util.internal.PlatformDependent - sun.misc.Unsafe: available
2018-09-07 20:12:22.549 [main] DEBUG io.netty.util.internal.PlatformDependent - -Dio.netty.tmpdir: C:\Users\Administrator\AppData\Local\Temp (java.io.tmpdir)
2018-09-07 20:12:22.549 [main] DEBUG io.netty.util.internal.PlatformDependent - -Dio.netty.bitMode: 64 (sun.arch.data.model)
2018-09-07 20:12:22.551 [main] DEBUG io.netty.util.internal.PlatformDependent - -Dio.netty.noPreferDirect: false
2018-09-07 20:12:22.552 [main] DEBUG io.netty.util.internal.PlatformDependent - -Dio.netty.maxDirectMemory: 1883242496 bytes
2018-09-07 20:12:22.552 [main] DEBUG io.netty.util.internal.PlatformDependent - -Dio.netty.uninitializedArrayAllocationThreshold: -1
2018-09-07 20:12:22.553 [main] DEBUG io.netty.util.internal.CleanerJava6 - java.nio.ByteBuffer.cleaner(): available
2018-09-07 20:12:22.567 [main] DEBUG io.netty.util.internal.PlatformDependent - org.jctools-core.MpscChunkedArrayQueue: available
2018-09-07 20:12:23.502 [main] INFO  cn.zyzpp.service.HttpServerStartup - WEB_ROOT : D:\IDEA\workSpace\JerryServer\webapps
2018-09-07 20:12:23.504 [main] INFO  cn.zyzpp.service.HttpServerStartup - Jerry server 8888 startup, Time 1076ms
2018-09-07 20:17:15.943 [nioEventLoopGroup-3-1] WARN  cn.zyzpp.handler.MyServerChannelHandler - exception occurred !
2018-09-07 20:17:15.998 [nioEventLoopGroup-3-2] WARN  cn.zyzpp.handler.MyServerChannelHandler - exception occurred !
2018-09-07 20:17:16.041 [nioEventLoopGroup-3-3] WARN  cn.zyzpp.handler.MyServerChannelHandler - exception occurred !
2018-09-07 20:17:16.096 [nioEventLoopGroup-3-4] WARN  cn.zyzpp.handler.MyServerChannelHandler - exception occurred !
2018-09-07 20:17:16.434 [nioEventLoopGroup-3-5] WARN  cn.zyzpp.handler.MyServerChannelHandler - exception occurred !
2018-09-07 20:17:16.480 [nioEventLoopGroup-3-6] WARN  cn.zyzpp.handler.MyServerChannelHandler - exception occurred !
2018-09-07 20:17:16.529 [nioEventLoopGroup-3-7] WARN  cn.zyzpp.handler.MyServerChannelHandler - exception occurred !
2018-09-07 20:17:21.718 [nioEventLoopGroup-3-1] WARN  cn.zyzpp.handler.MyServerChannelHandler - exception occurred !
2018-09-07 20:17:21.759 [nioEventLoopGroup-3-8] WARN  cn.zyzpp.handler.MyServerChannelHandler - exception occurred !
2018-09-07 20:17:21.804 [nioEventLoopGroup-3-2] WARN  cn.zyzpp.handler.MyServerChannelHandler - exception occurred !
2018-09-07 20:17:52.011 [nioEventLoopGroup-3-3] WARN  cn.zyzpp.handler.MyServerChannelHandler - exception occurred !
2018-09-07 20:17:52.048 [nioEventLoopGroup-3-4] WARN  cn.zyzpp.handler.MyServerChannelHandler - exception occurred !
2018-09-07 20:17:52.130 [nioEventLoopGroup-3-5] WARN  cn.zyzpp.handler.MyServerChannelHandler - exception occurred !
2018-09-07 20:18:52.326 [nioEventLoopGroup-3-6] WARN  cn.zyzpp.handler.MyServerChannelHandler - exception occurred !
2018-09-07 20:18:52.364 [nioEventLoopGroup-3-7] WARN  cn.zyzpp.handler.MyServerChannelHandler - exception occurred !
2018-09-07 20:18:52.402 [nioEventLoopGroup-3-8] WARN  cn.zyzpp.handler.MyServerChannelHandler - exception occurred !
2018-09-07 20:18:56.647 [main] DEBUG io.netty.util.internal.logging.InternalLoggerFactory - Using SLF4J as the default logging framework
2018-09-07 20:18:56.661 [main] DEBUG io.netty.channel.MultithreadEventLoopGroup - -Dio.netty.eventLoopThreads: 8
2018-09-07 20:18:56.712 [main] DEBUG io.netty.channel.nio.NioEventLoop - -Dio.netty.noKeySetOptimization: false
2018-09-07 20:18:56.713 [main] DEBUG io.netty.channel.nio.NioEventLoop - -Dio.netty.selectorAutoRebuildThreshold: 512
2018-09-07 20:18:56.760 [main] DEBUG io.netty.util.internal.PlatformDependent - Platform: Windows
2018-09-07 20:18:56.763 [main] DEBUG io.netty.util.internal.PlatformDependent0 - -Dio.netty.noUnsafe: false
2018-09-07 20:18:56.766 [main] DEBUG io.netty.util.internal.PlatformDependent0 - Java version: 8
2018-09-07 20:18:56.769 [main] DEBUG io.netty.util.internal.PlatformDependent0 - sun.misc.Unsafe.theUnsafe: available
2018-09-07 20:18:56.771 [main] DEBUG io.netty.util.internal.PlatformDependent0 - sun.misc.Unsafe.copyMemory: available
2018-09-07 20:18:56.773 [main] DEBUG io.netty.util.internal.PlatformDependent0 - java.nio.Buffer.address: available
2018-09-07 20:18:56.775 [main] DEBUG io.netty.util.internal.PlatformDependent0 - direct buffer constructor: available
2018-09-07 20:18:56.776 [main] DEBUG io.netty.util.internal.PlatformDependent0 - java.nio.Bits.unaligned: available, true
2018-09-07 20:18:56.777 [main] DEBUG io.netty.util.internal.PlatformDependent0 - jdk.internal.misc.Unsafe.allocateUninitializedArray(int): unavailable prior to Java9
2018-09-07 20:18:56.777 [main] DEBUG io.netty.util.internal.PlatformDependent0 - java.nio.DirectByteBuffer.<init>(long, int): available
2018-09-07 20:18:56.777 [main] DEBUG io.netty.util.internal.PlatformDependent - sun.misc.Unsafe: available
2018-09-07 20:18:56.778 [main] DEBUG io.netty.util.internal.PlatformDependent - -Dio.netty.tmpdir: C:\Users\Administrator\AppData\Local\Temp (java.io.tmpdir)
2018-09-07 20:18:56.779 [main] DEBUG io.netty.util.internal.PlatformDependent - -Dio.netty.bitMode: 64 (sun.arch.data.model)
2018-09-07 20:18:56.781 [main] DEBUG io.netty.util.internal.PlatformDependent - -Dio.netty.noPreferDirect: false
2018-09-07 20:18:56.782 [main] DEBUG io.netty.util.internal.PlatformDependent - -Dio.netty.maxDirectMemory: 1883242496 bytes
2018-09-07 20:18:56.782 [main] DEBUG io.netty.util.internal.PlatformDependent - -Dio.netty.uninitializedArrayAllocationThreshold: -1
2018-09-07 20:18:56.783 [main] DEBUG io.netty.util.internal.CleanerJava6 - java.nio.ByteBuffer.cleaner(): available
2018-09-07 20:18:56.825 [main] DEBUG io.netty.util.internal.PlatformDependent - org.jctools-core.MpscChunkedArrayQueue: available
2018-09-07 20:18:57.832 [main] INFO  cn.zyzpp.service.HttpServerStartup - WEB_ROOT : D:\IDEA\workSpace\JerryServer\webapps
2018-09-07 20:18:57.833 [main] INFO  cn.zyzpp.service.HttpServerStartup - Jerry server 8888 startup, Time 1203ms
2018-09-07 20:19:10.101 [nioEventLoopGroup-3-2] WARN  cn.zyzpp.handler.MyServerChannelHandler - exception occurred !
2018-09-07 20:19:10.155 [nioEventLoopGroup-3-1] WARN  cn.zyzpp.handler.MyServerChannelHandler - exception occurred !
2018-09-07 20:19:10.203 [nioEventLoopGroup-3-3] WARN  cn.zyzpp.handler.MyServerChannelHandler - exception occurred !
2018-09-07 20:19:51.976 [main] DEBUG io.netty.util.internal.logging.InternalLoggerFactory - Using SLF4J as the default logging framework
2018-09-07 20:19:51.987 [main] DEBUG io.netty.channel.MultithreadEventLoopGroup - -Dio.netty.eventLoopThreads: 8
2018-09-07 20:19:52.057 [main] DEBUG io.netty.channel.nio.NioEventLoop - -Dio.netty.noKeySetOptimization: false
2018-09-07 20:19:52.058 [main] DEBUG io.netty.channel.nio.NioEventLoop - -Dio.netty.selectorAutoRebuildThreshold: 512
2018-09-07 20:19:52.092 [main] DEBUG io.netty.util.internal.PlatformDependent - Platform: Windows
2018-09-07 20:19:52.095 [main] DEBUG io.netty.util.internal.PlatformDependent0 - -Dio.netty.noUnsafe: false
2018-09-07 20:19:52.096 [main] DEBUG io.netty.util.internal.PlatformDependent0 - Java version: 8
2018-09-07 20:19:52.099 [main] DEBUG io.netty.util.internal.PlatformDependent0 - sun.misc.Unsafe.theUnsafe: available
2018-09-07 20:19:52.100 [main] DEBUG io.netty.util.internal.PlatformDependent0 - sun.misc.Unsafe.copyMemory: available
2018-09-07 20:19:52.101 [main] DEBUG io.netty.util.internal.PlatformDependent0 - java.nio.Buffer.address: available
2018-09-07 20:19:52.102 [main] DEBUG io.netty.util.internal.PlatformDependent0 - direct buffer constructor: available
2018-09-07 20:19:52.104 [main] DEBUG io.netty.util.internal.PlatformDependent0 - java.nio.Bits.unaligned: available, true
2018-09-07 20:19:52.104 [main] DEBUG io.netty.util.internal.PlatformDependent0 - jdk.internal.misc.Unsafe.allocateUninitializedArray(int): unavailable prior to Java9
2018-09-07 20:19:52.104 [main] DEBUG io.netty.util.internal.PlatformDependent0 - java.nio.DirectByteBuffer.<init>(long, int): available
2018-09-07 20:19:52.104 [main] DEBUG io.netty.util.internal.PlatformDependent - sun.misc.Unsafe: available
2018-09-07 20:19:52.105 [main] DEBUG io.netty.util.internal.PlatformDependent - -Dio.netty.tmpdir: C:\Users\Administrator\AppData\Local\Temp (java.io.tmpdir)
2018-09-07 20:19:52.107 [main] DEBUG io.netty.util.internal.PlatformDependent - -Dio.netty.bitMode: 64 (sun.arch.data.model)
2018-09-07 20:19:52.109 [main] DEBUG io.netty.util.internal.PlatformDependent - -Dio.netty.noPreferDirect: false
2018-09-07 20:19:52.110 [main] DEBUG io.netty.util.internal.PlatformDependent - -Dio.netty.maxDirectMemory: 1883242496 bytes
2018-09-07 20:19:52.110 [main] DEBUG io.netty.util.internal.PlatformDependent - -Dio.netty.uninitializedArrayAllocationThreshold: -1
2018-09-07 20:19:52.111 [main] DEBUG io.netty.util.internal.CleanerJava6 - java.nio.ByteBuffer.cleaner(): available
2018-09-07 20:19:52.128 [main] DEBUG io.netty.util.internal.PlatformDependent - org.jctools-core.MpscChunkedArrayQueue: available
2018-09-07 20:19:52.603 [main] DEBUG io.netty.channel.DefaultChannelId - -Dio.netty.processId: 6388 (auto-detected)
2018-09-07 20:19:52.606 [main] DEBUG io.netty.util.NetUtil - -Djava.net.preferIPv4Stack: false
2018-09-07 20:19:52.606 [main] DEBUG io.netty.util.NetUtil - -Djava.net.preferIPv6Addresses: false
2018-09-07 20:19:52.756 [main] DEBUG io.netty.util.NetUtil - Loopback interface: lo (Software Loopback Interface 1, 127.0.0.1)
2018-09-07 20:19:52.757 [main] DEBUG io.netty.util.NetUtil - Failed to get SOMAXCONN from sysctl and file \proc\sys\net\core\somaxconn. Default: 200
2018-09-07 20:19:53.126 [main] DEBUG io.netty.channel.DefaultChannelId - -Dio.netty.machineId: 6c:71:d9:ff:fe:1b:7c:70 (auto-detected)
2018-09-07 20:19:53.146 [main] DEBUG io.netty.util.internal.InternalThreadLocalMap - -Dio.netty.threadLocalMap.stringBuilder.initialSize: 1024
2018-09-07 20:19:53.146 [main] DEBUG io.netty.util.internal.InternalThreadLocalMap - -Dio.netty.threadLocalMap.stringBuilder.maxSize: 4096
2018-09-07 20:19:53.180 [main] DEBUG io.netty.util.ResourceLeakDetector - -Dio.netty.leakDetection.level: simple
2018-09-07 20:19:53.180 [main] DEBUG io.netty.util.ResourceLeakDetector - -Dio.netty.leakDetection.targetRecords: 4
2018-09-07 20:19:53.246 [main] DEBUG io.netty.buffer.PooledByteBufAllocator - -Dio.netty.allocator.numHeapArenas: 8
2018-09-07 20:19:53.246 [main] DEBUG io.netty.buffer.PooledByteBufAllocator - -Dio.netty.allocator.numDirectArenas: 8
2018-09-07 20:19:53.246 [main] DEBUG io.netty.buffer.PooledByteBufAllocator - -Dio.netty.allocator.pageSize: 8192
2018-09-07 20:19:53.246 [main] DEBUG io.netty.buffer.PooledByteBufAllocator - -Dio.netty.allocator.maxOrder: 11
2018-09-07 20:19:53.246 [main] DEBUG io.netty.buffer.PooledByteBufAllocator - -Dio.netty.allocator.chunkSize: 16777216
2018-09-07 20:19:53.251 [main] DEBUG io.netty.buffer.PooledByteBufAllocator - -Dio.netty.allocator.tinyCacheSize: 512
2018-09-07 20:19:53.252 [main] DEBUG io.netty.buffer.PooledByteBufAllocator - -Dio.netty.allocator.smallCacheSize: 256
2018-09-07 20:19:53.253 [main] DEBUG io.netty.buffer.PooledByteBufAllocator - -Dio.netty.allocator.normalCacheSize: 64
2018-09-07 20:19:53.253 [main] DEBUG io.netty.buffer.PooledByteBufAllocator - -Dio.netty.allocator.maxCachedBufferCapacity: 32768
2018-09-07 20:19:53.253 [main] DEBUG io.netty.buffer.PooledByteBufAllocator - -Dio.netty.allocator.cacheTrimInterval: 8192
2018-09-07 20:19:53.253 [main] DEBUG io.netty.buffer.PooledByteBufAllocator - -Dio.netty.allocator.useCacheForAllThreads: true
2018-09-07 20:19:53.286 [main] DEBUG io.netty.buffer.ByteBufUtil - -Dio.netty.allocator.type: pooled
2018-09-07 20:19:53.286 [main] DEBUG io.netty.buffer.ByteBufUtil - -Dio.netty.threadLocalDirectBufferSize: 0
2018-09-07 20:19:53.286 [main] DEBUG io.netty.buffer.ByteBufUtil - -Dio.netty.maxThreadLocalCharBufferSize: 16384
2018-09-07 20:19:53.326 [main] INFO  cn.zyzpp.service.HttpServerStartup - WEB_ROOT : D:\IDEA\workSpace\JerryServer\webapps
2018-09-07 20:19:53.330 [main] INFO  cn.zyzpp.service.HttpServerStartup - Jerry server 8888 startup, Time 1366ms
2018-09-07 20:20:14.804 [nioEventLoopGroup-3-2] DEBUG io.netty.buffer.AbstractByteBuf - -Dio.netty.buffer.bytebuf.checkAccessible: true
2018-09-07 20:20:14.806 [nioEventLoopGroup-3-2] DEBUG io.netty.util.ResourceLeakDetectorFactory - Loaded default ResourceLeakDetector: io.netty.util.ResourceLeakDetector@1d8dd16f
2018-09-07 20:20:14.832 [nioEventLoopGroup-3-1] DEBUG io.netty.util.Recycler - -Dio.netty.recycler.maxCapacityPerThread: 4096
2018-09-07 20:20:14.833 [nioEventLoopGroup-3-1] DEBUG io.netty.util.Recycler - -Dio.netty.recycler.maxSharedCapacityFactor: 2
2018-09-07 20:20:14.833 [nioEventLoopGroup-3-1] DEBUG io.netty.util.Recycler - -Dio.netty.recycler.linkCapacity: 16
2018-09-07 20:20:14.833 [nioEventLoopGroup-3-1] DEBUG io.netty.util.Recycler - -Dio.netty.recycler.ratio: 8
2018-09-07 20:20:14.888 [nioEventLoopGroup-3-1] DEBUG net.sf.ehcache.config.DiskStoreConfiguration - Disk Store Path: C:\Users\Administrator\AppData\Local\Temp\
2018-09-07 20:20:14.896 [nioEventLoopGroup-3-1] DEBUG net.sf.ehcache.CacheManager - Creating new CacheManager with Configuration Object
2018-09-07 20:20:14.899 [nioEventLoopGroup-3-1] DEBUG net.sf.ehcache.util.PropertyUtil - propertiesString is null.
2018-09-07 20:20:14.909 [nioEventLoopGroup-3-1] DEBUG net.sf.ehcache.config.ConfigurationHelper - No CacheManagerEventListenerFactory class specified. Skipping...
2018-09-07 20:20:14.979 [nioEventLoopGroup-3-1] DEBUG net.sf.ehcache.Cache - No BootstrapCacheLoaderFactory class specified. Skipping...
2018-09-07 20:20:14.979 [nioEventLoopGroup-3-1] DEBUG net.sf.ehcache.Cache - CacheWriter factory not configured. Skipping...
2018-09-07 20:20:14.979 [nioEventLoopGroup-3-1] DEBUG net.sf.ehcache.config.ConfigurationHelper - No CacheExceptionHandlerFactory class specified. Skipping...
2018-09-07 20:20:14.996 [nioEventLoopGroup-3-1] DEBUG net.sf.ehcache.DiskStorePathManager - Using diskstore path C:\Users\Administrator\AppData\Local\Temp
2018-09-07 20:20:14.996 [nioEventLoopGroup-3-1] DEBUG net.sf.ehcache.DiskStorePathManager - Holding exclusive lock on C:\Users\Administrator\AppData\Local\Temp\.ehcache-diskstore.lock
2018-09-07 20:20:14.998 [nioEventLoopGroup-3-1] DEBUG net.sf.ehcache.store.disk.DiskStorageFactory - Failed to delete file my%0043ache.index
2018-09-07 20:20:15.005 [nioEventLoopGroup-3-1] DEBUG net.sf.ehcache.store.disk.DiskStorageFactory - Matching data file missing (or empty) for index file. Deleting index file C:\Users\Administrator\AppData\Local\Temp\my%0043ache.index
2018-09-07 20:20:15.006 [nioEventLoopGroup-3-1] DEBUG net.sf.ehcache.store.disk.DiskStorageFactory - Failed to delete file my%0043ache.index
2018-09-07 20:20:15.072 [nioEventLoopGroup-3-1] DEBUG net.sf.ehcache.statistics.extended.ExtendedStatisticsImpl - Mocking Pass-Through Statistic: LOCAL_OFFHEAP_SIZE
2018-09-07 20:20:15.074 [nioEventLoopGroup-3-1] DEBUG net.sf.ehcache.statistics.extended.ExtendedStatisticsImpl - Mocking Pass-Through Statistic: LOCAL_OFFHEAP_SIZE_BYTES
2018-09-07 20:20:15.075 [nioEventLoopGroup-3-1] DEBUG net.sf.ehcache.statistics.extended.ExtendedStatisticsImpl - Mocking Pass-Through Statistic: WRITER_QUEUE_LENGTH
2018-09-07 20:20:15.076 [nioEventLoopGroup-3-1] DEBUG net.sf.ehcache.statistics.extended.ExtendedStatisticsImpl - Mocking Pass-Through Statistic: REMOTE_SIZE
2018-09-07 20:20:15.076 [nioEventLoopGroup-3-1] DEBUG net.sf.ehcache.statistics.extended.ExtendedStatisticsImpl - Mocking Pass-Through Statistic: LAST_REJOIN_TIMESTAMP
2018-09-07 20:20:15.095 [nioEventLoopGroup-3-1] DEBUG net.sf.ehcache.statistics.extended.ExtendedStatisticsImpl - Mocking Operation Statistic: OFFHEAP_GET
2018-09-07 20:20:15.096 [nioEventLoopGroup-3-1] DEBUG net.sf.ehcache.statistics.extended.ExtendedStatisticsImpl - Mocking Operation Statistic: OFFHEAP_PUT
2018-09-07 20:20:15.097 [nioEventLoopGroup-3-1] DEBUG net.sf.ehcache.statistics.extended.ExtendedStatisticsImpl - Mocking Operation Statistic: OFFHEAP_REMOVE
2018-09-07 20:20:15.099 [nioEventLoopGroup-3-1] DEBUG net.sf.ehcache.statistics.extended.ExtendedStatisticsImpl - Mocking Operation Statistic: XA_COMMIT
2018-09-07 20:20:15.100 [nioEventLoopGroup-3-1] DEBUG net.sf.ehcache.statistics.extended.ExtendedStatisticsImpl - Mocking Operation Statistic: XA_ROLLBACK
2018-09-07 20:20:15.101 [nioEventLoopGroup-3-1] DEBUG net.sf.ehcache.statistics.extended.ExtendedStatisticsImpl - Mocking Operation Statistic: XA_RECOVERY
2018-09-07 20:20:15.102 [nioEventLoopGroup-3-1] DEBUG net.sf.ehcache.statistics.extended.ExtendedStatisticsImpl - Mocking Operation Statistic: CLUSTER_EVENT
2018-09-07 20:20:15.103 [nioEventLoopGroup-3-1] DEBUG net.sf.ehcache.statistics.extended.ExtendedStatisticsImpl - Mocking Operation Statistic: NONSTOP
2018-09-07 20:20:15.111 [nioEventLoopGroup-3-1] DEBUG net.sf.ehcache.Cache - Initialised cache: myCache
2018-09-07 20:20:15.111 [nioEventLoopGroup-3-1] DEBUG net.sf.ehcache.config.ConfigurationHelper - CacheDecoratorFactory not configured. Skipping for 'myCache'.
2018-09-07 20:20:15.111 [nioEventLoopGroup-3-1] DEBUG net.sf.ehcache.config.ConfigurationHelper - CacheDecoratorFactory not configured for defaultCache. Skipping for 'myCache'.
2018-09-07 20:20:15.234 [nioEventLoopGroup-3-1] DEBUG cn.zyzpp.jerry.JEResolver - Find JE File :index.html = index.html
2018-09-07 20:20:15.238 [nioEventLoopGroup-3-1] DEBUG cn.zyzpp.jerry.JEConnection - Load Balance : https://www.kuaidi100.com/query?type=shentong&postid=3374107234608&id=1
2018-09-07 20:20:16.013 [nioEventLoopGroup-3-1] WARN  cn.zyzpp.handler.MyServerChannelHandler - exception occurred !
2018-09-07 20:20:16.026 [nioEventLoopGroup-3-2] DEBUG cn.zyzpp.jerry.JEResolver - Find JE File :index.html = index.html
2018-09-07 20:20:16.027 [nioEventLoopGroup-3-2] DEBUG cn.zyzpp.jerry.JEConnection - Load Balance : https://www.kuaidi100.com/query?type=yuantong&postid=801371015800473775
2018-09-07 20:20:16.060 [nioEventLoopGroup-3-2] WARN  cn.zyzpp.handler.MyServerChannelHandler - exception occurred !
2018-09-07 20:20:16.075 [nioEventLoopGroup-3-3] DEBUG cn.zyzpp.jerry.JEResolver - Find JE File :index.html = index.html
2018-09-07 20:20:16.077 [nioEventLoopGroup-3-3] DEBUG cn.zyzpp.jerry.JEConnection - Load Balance : https://www.kuaidi100.com/query?type=yuantong&postid=801371015800473775
2018-09-07 20:20:16.108 [nioEventLoopGroup-3-3] WARN  cn.zyzpp.handler.MyServerChannelHandler - exception occurred !
2018-09-07 20:21:33.293 [main] DEBUG io.netty.util.internal.logging.InternalLoggerFactory - Using SLF4J as the default logging framework
2018-09-07 20:21:33.302 [main] DEBUG io.netty.channel.MultithreadEventLoopGroup - -Dio.netty.eventLoopThreads: 8
2018-09-07 20:21:33.368 [main] DEBUG io.netty.channel.nio.NioEventLoop - -Dio.netty.noKeySetOptimization: false
2018-09-07 20:21:33.368 [main] DEBUG io.netty.channel.nio.NioEventLoop - -Dio.netty.selectorAutoRebuildThreshold: 512
2018-09-07 20:21:33.404 [main] DEBUG io.netty.util.internal.PlatformDependent - Platform: Windows
2018-09-07 20:21:33.406 [main] DEBUG io.netty.util.internal.PlatformDependent0 - -Dio.netty.noUnsafe: false
2018-09-07 20:21:33.407 [main] DEBUG io.netty.util.internal.PlatformDependent0 - Java version: 8
2018-09-07 20:21:33.409 [main] DEBUG io.netty.util.internal.PlatformDependent0 - sun.misc.Unsafe.theUnsafe: available
2018-09-07 20:21:33.411 [main] DEBUG io.netty.util.internal.PlatformDependent0 - sun.misc.Unsafe.copyMemory: available
2018-09-07 20:21:33.412 [main] DEBUG io.netty.util.internal.PlatformDependent0 - java.nio.Buffer.address: available
2018-09-07 20:21:33.413 [main] DEBUG io.netty.util.internal.PlatformDependent0 - direct buffer constructor: available
2018-09-07 20:21:33.415 [main] DEBUG io.netty.util.internal.PlatformDependent0 - java.nio.Bits.unaligned: available, true
2018-09-07 20:21:33.415 [main] DEBUG io.netty.util.internal.PlatformDependent0 - jdk.internal.misc.Unsafe.allocateUninitializedArray(int): unavailable prior to Java9
2018-09-07 20:21:33.415 [main] DEBUG io.netty.util.internal.PlatformDependent0 - java.nio.DirectByteBuffer.<init>(long, int): available
2018-09-07 20:21:33.415 [main] DEBUG io.netty.util.internal.PlatformDependent - sun.misc.Unsafe: available
2018-09-07 20:21:33.416 [main] DEBUG io.netty.util.internal.PlatformDependent - -Dio.netty.tmpdir: C:\Users\Administrator\AppData\Local\Temp (java.io.tmpdir)
2018-09-07 20:21:33.417 [main] DEBUG io.netty.util.internal.PlatformDependent - -Dio.netty.bitMode: 64 (sun.arch.data.model)
2018-09-07 20:21:33.422 [main] DEBUG io.netty.util.internal.PlatformDependent - -Dio.netty.noPreferDirect: false
2018-09-07 20:21:33.423 [main] DEBUG io.netty.util.internal.PlatformDependent - -Dio.netty.maxDirectMemory: 1883242496 bytes
2018-09-07 20:21:33.423 [main] DEBUG io.netty.util.internal.PlatformDependent - -Dio.netty.uninitializedArrayAllocationThreshold: -1
2018-09-07 20:21:33.425 [main] DEBUG io.netty.util.internal.CleanerJava6 - java.nio.ByteBuffer.cleaner(): available
2018-09-07 20:21:33.443 [main] DEBUG io.netty.util.internal.PlatformDependent - org.jctools-core.MpscChunkedArrayQueue: available
2018-09-07 20:21:33.847 [main] DEBUG io.netty.channel.DefaultChannelId - -Dio.netty.processId: 2464 (auto-detected)
2018-09-07 20:21:33.851 [main] DEBUG io.netty.util.NetUtil - -Djava.net.preferIPv4Stack: false
2018-09-07 20:21:33.851 [main] DEBUG io.netty.util.NetUtil - -Djava.net.preferIPv6Addresses: false
2018-09-07 20:21:33.992 [main] DEBUG io.netty.util.NetUtil - Loopback interface: lo (Software Loopback Interface 1, 127.0.0.1)
2018-09-07 20:21:33.993 [main] DEBUG io.netty.util.NetUtil - Failed to get SOMAXCONN from sysctl and file \proc\sys\net\core\somaxconn. Default: 200
2018-09-07 20:21:34.243 [main] DEBUG io.netty.channel.DefaultChannelId - -Dio.netty.machineId: 6c:71:d9:ff:fe:1b:7c:70 (auto-detected)
2018-09-07 20:21:34.263 [main] DEBUG io.netty.util.internal.InternalThreadLocalMap - -Dio.netty.threadLocalMap.stringBuilder.initialSize: 1024
2018-09-07 20:21:34.263 [main] DEBUG io.netty.util.internal.InternalThreadLocalMap - -Dio.netty.threadLocalMap.stringBuilder.maxSize: 4096
2018-09-07 20:21:34.287 [main] DEBUG io.netty.util.ResourceLeakDetector - -Dio.netty.leakDetection.level: simple
2018-09-07 20:21:34.288 [main] DEBUG io.netty.util.ResourceLeakDetector - -Dio.netty.leakDetection.targetRecords: 4
2018-09-07 20:21:34.357 [main] DEBUG io.netty.buffer.PooledByteBufAllocator - -Dio.netty.allocator.numHeapArenas: 8
2018-09-07 20:21:34.357 [main] DEBUG io.netty.buffer.PooledByteBufAllocator - -Dio.netty.allocator.numDirectArenas: 8
2018-09-07 20:21:34.357 [main] DEBUG io.netty.buffer.PooledByteBufAllocator - -Dio.netty.allocator.pageSize: 8192
2018-09-07 20:21:34.357 [main] DEBUG io.netty.buffer.PooledByteBufAllocator - -Dio.netty.allocator.maxOrder: 11
2018-09-07 20:21:34.357 [main] DEBUG io.netty.buffer.PooledByteBufAllocator - -Dio.netty.allocator.chunkSize: 16777216
2018-09-07 20:21:34.358 [main] DEBUG io.netty.buffer.PooledByteBufAllocator - -Dio.netty.allocator.tinyCacheSize: 512
2018-09-07 20:21:34.358 [main] DEBUG io.netty.buffer.PooledByteBufAllocator - -Dio.netty.allocator.smallCacheSize: 256
2018-09-07 20:21:34.363 [main] DEBUG io.netty.buffer.PooledByteBufAllocator - -Dio.netty.allocator.normalCacheSize: 64
2018-09-07 20:21:34.363 [main] DEBUG io.netty.buffer.PooledByteBufAllocator - -Dio.netty.allocator.maxCachedBufferCapacity: 32768
2018-09-07 20:21:34.363 [main] DEBUG io.netty.buffer.PooledByteBufAllocator - -Dio.netty.allocator.cacheTrimInterval: 8192
2018-09-07 20:21:34.364 [main] DEBUG io.netty.buffer.PooledByteBufAllocator - -Dio.netty.allocator.useCacheForAllThreads: true
2018-09-07 20:21:34.386 [main] DEBUG io.netty.buffer.ByteBufUtil - -Dio.netty.allocator.type: pooled
2018-09-07 20:21:34.386 [main] DEBUG io.netty.buffer.ByteBufUtil - -Dio.netty.threadLocalDirectBufferSize: 0
2018-09-07 20:21:34.386 [main] DEBUG io.netty.buffer.ByteBufUtil - -Dio.netty.maxThreadLocalCharBufferSize: 16384
2018-09-07 20:21:34.426 [main] INFO  cn.zyzpp.service.HttpServerStartup - WEB_ROOT : D:\IDEA\workSpace\JerryServer\webapps
2018-09-07 20:21:34.429 [main] INFO  cn.zyzpp.service.HttpServerStartup - Jerry server 8888 startup, Time 1147ms
2018-09-07 20:21:36.925 [nioEventLoopGroup-3-2] DEBUG io.netty.buffer.AbstractByteBuf - -Dio.netty.buffer.bytebuf.checkAccessible: true
2018-09-07 20:21:36.927 [nioEventLoopGroup-3-2] DEBUG io.netty.util.ResourceLeakDetectorFactory - Loaded default ResourceLeakDetector: io.netty.util.ResourceLeakDetector@4c0f42da
2018-09-07 20:21:36.961 [nioEventLoopGroup-3-2] DEBUG io.netty.util.Recycler - -Dio.netty.recycler.maxCapacityPerThread: 4096
2018-09-07 20:21:36.962 [nioEventLoopGroup-3-2] DEBUG io.netty.util.Recycler - -Dio.netty.recycler.maxSharedCapacityFactor: 2
2018-09-07 20:21:36.962 [nioEventLoopGroup-3-2] DEBUG io.netty.util.Recycler - -Dio.netty.recycler.linkCapacity: 16
2018-09-07 20:21:36.962 [nioEventLoopGroup-3-2] DEBUG io.netty.util.Recycler - -Dio.netty.recycler.ratio: 8
2018-09-07 20:21:37.043 [nioEventLoopGroup-3-2] DEBUG net.sf.ehcache.config.DiskStoreConfiguration - Disk Store Path: C:\Users\Administrator\AppData\Local\Temp\
2018-09-07 20:21:37.053 [nioEventLoopGroup-3-2] DEBUG net.sf.ehcache.CacheManager - Creating new CacheManager with Configuration Object
2018-09-07 20:21:37.057 [nioEventLoopGroup-3-2] DEBUG net.sf.ehcache.util.PropertyUtil - propertiesString is null.
2018-09-07 20:21:37.070 [nioEventLoopGroup-3-2] DEBUG net.sf.ehcache.config.ConfigurationHelper - No CacheManagerEventListenerFactory class specified. Skipping...
2018-09-07 20:21:37.160 [nioEventLoopGroup-3-2] DEBUG net.sf.ehcache.Cache - No BootstrapCacheLoaderFactory class specified. Skipping...
2018-09-07 20:21:37.160 [nioEventLoopGroup-3-2] DEBUG net.sf.ehcache.Cache - CacheWriter factory not configured. Skipping...
2018-09-07 20:21:37.161 [nioEventLoopGroup-3-2] DEBUG net.sf.ehcache.config.ConfigurationHelper - No CacheExceptionHandlerFactory class specified. Skipping...
2018-09-07 20:21:37.191 [nioEventLoopGroup-3-2] DEBUG net.sf.ehcache.DiskStorePathManager - Using diskstore path C:\Users\Administrator\AppData\Local\Temp
2018-09-07 20:21:37.192 [nioEventLoopGroup-3-2] DEBUG net.sf.ehcache.DiskStorePathManager - Holding exclusive lock on C:\Users\Administrator\AppData\Local\Temp\.ehcache-diskstore.lock
2018-09-07 20:21:37.194 [nioEventLoopGroup-3-2] DEBUG net.sf.ehcache.store.disk.DiskStorageFactory - Failed to delete file my%0043ache.index
2018-09-07 20:21:37.207 [nioEventLoopGroup-3-2] DEBUG net.sf.ehcache.store.disk.DiskStorageFactory - Matching data file missing (or empty) for index file. Deleting index file C:\Users\Administrator\AppData\Local\Temp\my%0043ache.index
2018-09-07 20:21:37.208 [nioEventLoopGroup-3-2] DEBUG net.sf.ehcache.store.disk.DiskStorageFactory - Failed to delete file my%0043ache.index
2018-09-07 20:21:37.313 [nioEventLoopGroup-3-2] DEBUG net.sf.ehcache.statistics.extended.ExtendedStatisticsImpl - Mocking Pass-Through Statistic: LOCAL_OFFHEAP_SIZE
2018-09-07 20:21:37.314 [nioEventLoopGroup-3-2] DEBUG net.sf.ehcache.statistics.extended.ExtendedStatisticsImpl - Mocking Pass-Through Statistic: LOCAL_OFFHEAP_SIZE_BYTES
2018-09-07 20:21:37.318 [nioEventLoopGroup-3-2] DEBUG net.sf.ehcache.statistics.extended.ExtendedStatisticsImpl - Mocking Pass-Through Statistic: WRITER_QUEUE_LENGTH
2018-09-07 20:21:37.318 [nioEventLoopGroup-3-2] DEBUG net.sf.ehcache.statistics.extended.ExtendedStatisticsImpl - Mocking Pass-Through Statistic: REMOTE_SIZE
2018-09-07 20:21:37.319 [nioEventLoopGroup-3-2] DEBUG net.sf.ehcache.statistics.extended.ExtendedStatisticsImpl - Mocking Pass-Through Statistic: LAST_REJOIN_TIMESTAMP
2018-09-07 20:21:37.344 [nioEventLoopGroup-3-2] DEBUG net.sf.ehcache.statistics.extended.ExtendedStatisticsImpl - Mocking Operation Statistic: OFFHEAP_GET
2018-09-07 20:21:37.350 [nioEventLoopGroup-3-2] DEBUG net.sf.ehcache.statistics.extended.ExtendedStatisticsImpl - Mocking Operation Statistic: OFFHEAP_PUT
2018-09-07 20:21:37.351 [nioEventLoopGroup-3-2] DEBUG net.sf.ehcache.statistics.extended.ExtendedStatisticsImpl - Mocking Operation Statistic: OFFHEAP_REMOVE
2018-09-07 20:21:37.353 [nioEventLoopGroup-3-2] DEBUG net.sf.ehcache.statistics.extended.ExtendedStatisticsImpl - Mocking Operation Statistic: XA_COMMIT
2018-09-07 20:21:37.353 [nioEventLoopGroup-3-2] DEBUG net.sf.ehcache.statistics.extended.ExtendedStatisticsImpl - Mocking Operation Statistic: XA_ROLLBACK
2018-09-07 20:21:37.354 [nioEventLoopGroup-3-2] DEBUG net.sf.ehcache.statistics.extended.ExtendedStatisticsImpl - Mocking Operation Statistic: XA_RECOVERY
2018-09-07 20:21:37.356 [nioEventLoopGroup-3-2] DEBUG net.sf.ehcache.statistics.extended.ExtendedStatisticsImpl - Mocking Operation Statistic: CLUSTER_EVENT
2018-09-07 20:21:37.356 [nioEventLoopGroup-3-2] DEBUG net.sf.ehcache.statistics.extended.ExtendedStatisticsImpl - Mocking Operation Statistic: NONSTOP
2018-09-07 20:21:37.368 [nioEventLoopGroup-3-2] DEBUG net.sf.ehcache.Cache - Initialised cache: myCache
2018-09-07 20:21:37.369 [nioEventLoopGroup-3-2] DEBUG net.sf.ehcache.config.ConfigurationHelper - CacheDecoratorFactory not configured. Skipping for 'myCache'.
2018-09-07 20:21:37.369 [nioEventLoopGroup-3-2] DEBUG net.sf.ehcache.config.ConfigurationHelper - CacheDecoratorFactory not configured for defaultCache. Skipping for 'myCache'.
2018-09-07 20:21:37.618 [nioEventLoopGroup-3-2] DEBUG cn.zyzpp.jerry.JEResolver - Find JE File :index.html = index.html
2018-09-07 20:21:37.624 [nioEventLoopGroup-3-2] DEBUG cn.zyzpp.jerry.JEConnection - Load Balance : https://www.kuaidi100.com/query?type=shentong&postid=3374107234608&id=1
2018-09-07 20:21:38.678 [nioEventLoopGroup-3-2] DEBUG net.sf.ehcache.store.disk.Segment - put added 0 on heap
2018-09-07 20:21:38.691 [nioEventLoopGroup-3-2] DEBUG cn.zyzpp.http.JerryResponse - Find a request: /ROOT/index.html LoadTime1676
2018-09-07 20:21:38.696 [my%0043ache.data] DEBUG net.sf.ehcache.store.disk.Segment - fault removed 0 from heap
2018-09-07 20:21:38.697 [my%0043ache.data] DEBUG net.sf.ehcache.store.disk.Segment - fault added 0 on disk
2018-09-07 20:21:38.706 [nioEventLoopGroup-3-2] DEBUG io.netty.handler.codec.compression.ZlibCodecFactory - -Dio.netty.noJdkZlibDecoder: false
2018-09-07 20:21:38.707 [nioEventLoopGroup-3-2] DEBUG io.netty.handler.codec.compression.ZlibCodecFactory - -Dio.netty.noJdkZlibEncoder: false
2018-09-07 20:21:38.734 [writeLogThread] DEBUG cn.zyzpp.monitor.thread.LogWriteThread - Successfully updated monitoring log:D:\IDEA\workSpace\JerryServer\webapps\manage\log.json
2018-09-07 20:21:39.047 [nioEventLoopGroup-3-2] DEBUG net.sf.ehcache.store.disk.Segment - put added 0 on heap
2018-09-07 20:21:39.048 [my%0043ache.data] DEBUG net.sf.ehcache.store.disk.Segment - fault removed 0 from heap
2018-09-07 20:21:39.049 [my%0043ache.data] DEBUG net.sf.ehcache.store.disk.Segment - fault added 0 on disk
2018-09-07 20:21:39.049 [nioEventLoopGroup-3-2] DEBUG cn.zyzpp.http.JerryResponse - Find a request: /ROOT/image/favicon.ico LoadTime10
2018-09-07 20:21:42.998 [nioEventLoopGroup-3-2] DEBUG cn.zyzpp.http.JerryResponse - use cache: D:\IDEA\workSpace\JerryServer\webapps\ROOT\index.html
2018-09-07 20:21:42.999 [nioEventLoopGroup-3-2] DEBUG cn.zyzpp.http.JerryResponse - Find a request: /ROOT/index.html LoadTime2
2018-09-07 20:21:43.174 [nioEventLoopGroup-3-2] DEBUG cn.zyzpp.http.JerryResponse - use cache: D:\IDEA\workSpace\JerryServer\webapps\ROOT\image\favicon.ico
2018-09-07 20:21:43.176 [nioEventLoopGroup-3-2] DEBUG cn.zyzpp.http.JerryResponse - Find a request: /ROOT/image/favicon.ico LoadTime1
2018-09-07 20:21:48.755 [writeLogThread] DEBUG cn.zyzpp.monitor.thread.LogWriteThread - Successfully updated monitoring log:D:\IDEA\workSpace\JerryServer\webapps\manage\log.json
2018-09-07 20:25:48.926 [nioEventLoopGroup-3-2] DEBUG net.sf.ehcache.store.disk.Segment - remove deleted 0 from heap
2018-09-07 20:25:48.926 [nioEventLoopGroup-3-2] DEBUG net.sf.ehcache.store.disk.Segment - remove deleted 0 from disk
2018-09-07 20:25:48.928 [nioEventLoopGroup-3-2] DEBUG cn.zyzpp.jerry.JEResolver - Find JE File :index.html = index.html
2018-09-07 20:25:48.930 [nioEventLoopGroup-3-2] DEBUG cn.zyzpp.jerry.JEConnection - Load Balance : https://www.kuaidi100.com/query?type=yuantong&postid=801371015800473775
2018-09-07 20:25:49.076 [nioEventLoopGroup-3-2] DEBUG net.sf.ehcache.store.disk.Segment - put added 0 on heap
2018-09-07 20:25:49.077 [my%0043ache.data] DEBUG net.sf.ehcache.store.disk.Segment - fault removed 0 from heap
2018-09-07 20:25:49.077 [my%0043ache.data] DEBUG net.sf.ehcache.store.disk.Segment - fault added 0 on disk
2018-09-07 20:25:49.077 [nioEventLoopGroup-3-2] DEBUG cn.zyzpp.http.JerryResponse - Find a request: /ROOT/index.html LoadTime159
2018-09-07 20:25:49.329 [nioEventLoopGroup-3-2] DEBUG net.sf.ehcache.store.disk.Segment - remove deleted 0 from heap
2018-09-07 20:25:49.329 [nioEventLoopGroup-3-2] DEBUG net.sf.ehcache.store.disk.Segment - remove deleted 0 from disk
2018-09-07 20:25:49.332 [nioEventLoopGroup-3-2] DEBUG net.sf.ehcache.store.disk.Segment - put added 0 on heap
2018-09-07 20:25:49.333 [my%0043ache.data] DEBUG net.sf.ehcache.store.disk.Segment - fault removed 0 from heap
2018-09-07 20:25:49.333 [my%0043ache.data] DEBUG net.sf.ehcache.store.disk.Segment - fault added 0 on disk
2018-09-07 20:25:49.334 [nioEventLoopGroup-3-2] DEBUG cn.zyzpp.http.JerryResponse - Find a request: /ROOT/image/favicon.ico LoadTime5
2018-09-07 20:25:51.424 [nioEventLoopGroup-3-2] DEBUG cn.zyzpp.http.JerryResponse - use cache: D:\IDEA\workSpace\JerryServer\webapps\ROOT\index.html
2018-09-07 20:25:51.425 [nioEventLoopGroup-3-2] DEBUG cn.zyzpp.http.JerryResponse - Find a request: /ROOT/index.html LoadTime1
2018-09-07 20:25:51.604 [nioEventLoopGroup-3-2] DEBUG cn.zyzpp.http.JerryResponse - use cache: D:\IDEA\workSpace\JerryServer\webapps\ROOT\image\favicon.ico
2018-09-07 20:25:51.605 [nioEventLoopGroup-3-2] DEBUG cn.zyzpp.http.JerryResponse - Find a request: /ROOT/image/favicon.ico LoadTime1
2018-09-07 20:25:52.611 [nioEventLoopGroup-3-2] DEBUG cn.zyzpp.http.JerryResponse - use cache: D:\IDEA\workSpace\JerryServer\webapps\ROOT\index.html
2018-09-07 20:25:52.612 [nioEventLoopGroup-3-2] DEBUG cn.zyzpp.http.JerryResponse - Find a request: /ROOT/index.html LoadTime2
2018-09-07 20:25:52.778 [nioEventLoopGroup-3-2] DEBUG cn.zyzpp.http.JerryResponse - use cache: D:\IDEA\workSpace\JerryServer\webapps\ROOT\image\favicon.ico
2018-09-07 20:25:52.779 [nioEventLoopGroup-3-2] DEBUG cn.zyzpp.http.JerryResponse - Find a request: /ROOT/image/favicon.ico LoadTime1
2018-09-07 20:25:58.776 [writeLogThread] DEBUG cn.zyzpp.monitor.thread.LogWriteThread - Successfully updated monitoring log:D:\IDEA\workSpace\JerryServer\webapps\manage\log.json
2018-09-07 20:29:35.032 [nioEventLoopGroup-3-2] DEBUG net.sf.ehcache.store.disk.Segment - remove deleted 0 from heap
2018-09-07 20:29:35.033 [nioEventLoopGroup-3-2] DEBUG net.sf.ehcache.store.disk.Segment - remove deleted 0 from disk
2018-09-07 20:29:35.035 [nioEventLoopGroup-3-2] DEBUG cn.zyzpp.jerry.JEResolver - Find JE File :index.html = index.html
2018-09-07 20:29:35.039 [nioEventLoopGroup-3-2] DEBUG cn.zyzpp.jerry.JEConnection - Load Balance : https://www.kuaidi100.com/query?type=yuantong&postid=801371015800473775
2018-09-07 20:29:35.174 [nioEventLoopGroup-3-2] DEBUG net.sf.ehcache.store.disk.Segment - put added 0 on heap
2018-09-07 20:29:35.175 [nioEventLoopGroup-3-2] DEBUG cn.zyzpp.http.JerryResponse - Find a request: /ROOT/index.html LoadTime144
2018-09-07 20:29:35.175 [my%0043ache.data] DEBUG net.sf.ehcache.store.disk.Segment - fault removed 0 from heap
2018-09-07 20:29:35.176 [my%0043ache.data] DEBUG net.sf.ehcache.store.disk.Segment - fault added 0 on disk
2018-09-07 20:29:35.458 [nioEventLoopGroup-3-2] DEBUG net.sf.ehcache.store.disk.Segment - remove deleted 0 from heap
2018-09-07 20:29:35.458 [nioEventLoopGroup-3-2] DEBUG net.sf.ehcache.store.disk.Segment - remove deleted 0 from disk
2018-09-07 20:29:35.461 [nioEventLoopGroup-3-2] DEBUG net.sf.ehcache.store.disk.Segment - put added 0 on heap
2018-09-07 20:29:35.462 [my%0043ache.data] DEBUG net.sf.ehcache.store.disk.Segment - fault removed 0 from heap
2018-09-07 20:29:35.462 [my%0043ache.data] DEBUG net.sf.ehcache.store.disk.Segment - fault added 0 on disk
2018-09-07 20:29:35.463 [nioEventLoopGroup-3-2] DEBUG cn.zyzpp.http.JerryResponse - Find a request: /ROOT/image/favicon.ico LoadTime5
2018-09-07 20:29:36.528 [nioEventLoopGroup-3-2] DEBUG cn.zyzpp.http.JerryResponse - use cache: D:\IDEA\workSpace\JerryServer\webapps\ROOT\index.html
2018-09-07 20:29:36.529 [nioEventLoopGroup-3-2] DEBUG cn.zyzpp.http.JerryResponse - Find a request: /ROOT/index.html LoadTime1
2018-09-07 20:29:36.704 [nioEventLoopGroup-3-2] DEBUG cn.zyzpp.http.JerryResponse - use cache: D:\IDEA\workSpace\JerryServer\webapps\ROOT\image\favicon.ico
2018-09-07 20:29:36.706 [nioEventLoopGroup-3-2] DEBUG cn.zyzpp.http.JerryResponse - Find a request: /ROOT/image/favicon.ico LoadTime1
2018-09-07 20:29:38.793 [writeLogThread] DEBUG cn.zyzpp.monitor.thread.LogWriteThread - Successfully updated monitoring log:D:\IDEA\workSpace\JerryServer\webapps\manage\log.json
2018-09-07 20:39:54.072 [nioEventLoopGroup-3-5] DEBUG net.sf.ehcache.store.disk.Segment - remove deleted 0 from heap
2018-09-07 20:39:54.073 [nioEventLoopGroup-3-5] DEBUG net.sf.ehcache.store.disk.Segment - remove deleted 0 from disk
2018-09-07 20:39:54.078 [nioEventLoopGroup-3-5] DEBUG cn.zyzpp.jerry.JEResolver - Find JE File :index.html = index.html
2018-09-07 20:39:54.081 [nioEventLoopGroup-3-5] DEBUG cn.zyzpp.jerry.JEConnection - Load Balance : https://www.kuaidi100.com/query?type=shentong&postid=3374107234608&id=1
2018-09-07 20:39:54.272 [nioEventLoopGroup-3-5] DEBUG net.sf.ehcache.store.disk.Segment - put added 0 on heap
2018-09-07 20:39:54.274 [my%0043ache.data] DEBUG net.sf.ehcache.store.disk.Segment - fault removed 0 from heap
2018-09-07 20:39:54.274 [my%0043ache.data] DEBUG net.sf.ehcache.store.disk.Segment - fault added 0 on disk
2018-09-07 20:39:54.275 [nioEventLoopGroup-3-5] DEBUG cn.zyzpp.http.JerryResponse - Find a request: /ROOT/index.html LoadTime204
2018-09-07 20:39:54.558 [nioEventLoopGroup-3-5] DEBUG net.sf.ehcache.store.disk.Segment - remove deleted 0 from heap
2018-09-07 20:39:54.558 [nioEventLoopGroup-3-5] DEBUG net.sf.ehcache.store.disk.Segment - remove deleted 0 from disk
2018-09-07 20:39:54.560 [nioEventLoopGroup-3-5] DEBUG net.sf.ehcache.store.disk.Segment - put added 0 on heap
2018-09-07 20:39:54.561 [my%0043ache.data] DEBUG net.sf.ehcache.store.disk.Segment - fault removed 0 from heap
2018-09-07 20:39:54.562 [my%0043ache.data] DEBUG net.sf.ehcache.store.disk.Segment - fault added 0 on disk
2018-09-07 20:39:54.562 [nioEventLoopGroup-3-5] DEBUG cn.zyzpp.http.JerryResponse - Find a request: /ROOT/image/favicon.ico LoadTime5
2018-09-07 20:39:56.286 [nioEventLoopGroup-3-5] DEBUG cn.zyzpp.http.JerryResponse - use cache: D:\IDEA\workSpace\JerryServer\webapps\ROOT\index.html
2018-09-07 20:39:56.287 [nioEventLoopGroup-3-5] DEBUG cn.zyzpp.http.JerryResponse - Find a request: /ROOT/index.html LoadTime1
2018-09-07 20:39:56.461 [nioEventLoopGroup-3-5] DEBUG cn.zyzpp.http.JerryResponse - use cache: D:\IDEA\workSpace\JerryServer\webapps\ROOT\image\favicon.ico
2018-09-07 20:39:56.462 [nioEventLoopGroup-3-5] DEBUG cn.zyzpp.http.JerryResponse - Find a request: /ROOT/image/favicon.ico LoadTime2
2018-09-07 20:39:57.316 [nioEventLoopGroup-3-5] DEBUG cn.zyzpp.http.JerryResponse - use cache: D:\IDEA\workSpace\JerryServer\webapps\ROOT\index.html
2018-09-07 20:39:57.317 [nioEventLoopGroup-3-5] DEBUG cn.zyzpp.http.JerryResponse - Find a request: /ROOT/index.html LoadTime1
2018-09-07 20:39:57.483 [nioEventLoopGroup-3-5] DEBUG cn.zyzpp.http.JerryResponse - use cache: D:\IDEA\workSpace\JerryServer\webapps\ROOT\image\favicon.ico
2018-09-07 20:39:57.485 [nioEventLoopGroup-3-5] DEBUG cn.zyzpp.http.JerryResponse - Find a request: /ROOT/image/favicon.ico LoadTime1
2018-09-07 20:39:57.781 [nioEventLoopGroup-3-5] DEBUG cn.zyzpp.http.JerryResponse - use cache: D:\IDEA\workSpace\JerryServer\webapps\ROOT\index.html
2018-09-07 20:39:57.783 [nioEventLoopGroup-3-5] DEBUG cn.zyzpp.http.JerryResponse - Find a request: /ROOT/index.html LoadTime1
2018-09-07 20:39:57.960 [nioEventLoopGroup-3-5] DEBUG cn.zyzpp.http.JerryResponse - use cache: D:\IDEA\workSpace\JerryServer\webapps\ROOT\image\favicon.ico
2018-09-07 20:39:57.962 [nioEventLoopGroup-3-5] DEBUG cn.zyzpp.http.JerryResponse - Find a request: /ROOT/image/favicon.ico LoadTime2
2018-09-07 20:39:57.984 [nioEventLoopGroup-3-5] DEBUG cn.zyzpp.http.JerryResponse - use cache: D:\IDEA\workSpace\JerryServer\webapps\ROOT\index.html
2018-09-07 20:39:57.985 [nioEventLoopGroup-3-5] DEBUG cn.zyzpp.http.JerryResponse - Find a request: /ROOT/index.html LoadTime1
2018-09-07 20:39:58.166 [nioEventLoopGroup-3-5] DEBUG cn.zyzpp.http.JerryResponse - use cache: D:\IDEA\workSpace\JerryServer\webapps\ROOT\index.html
2018-09-07 20:39:58.167 [nioEventLoopGroup-3-5] DEBUG cn.zyzpp.http.JerryResponse - Find a request: /ROOT/index.html LoadTime1
2018-09-07 20:39:58.326 [nioEventLoopGroup-3-5] DEBUG cn.zyzpp.http.JerryResponse - use cache: D:\IDEA\workSpace\JerryServer\webapps\ROOT\image\favicon.ico
2018-09-07 20:39:58.327 [nioEventLoopGroup-3-5] DEBUG cn.zyzpp.http.JerryResponse - Find a request: /ROOT/image/favicon.ico LoadTime1
2018-09-07 20:39:58.353 [nioEventLoopGroup-3-5] DEBUG cn.zyzpp.http.JerryResponse - use cache: D:\IDEA\workSpace\JerryServer\webapps\ROOT\index.html
2018-09-07 20:39:58.354 [nioEventLoopGroup-3-5] DEBUG cn.zyzpp.http.JerryResponse - Find a request: /ROOT/index.html LoadTime1
2018-09-07 20:39:58.520 [nioEventLoopGroup-3-5] DEBUG cn.zyzpp.http.JerryResponse - use cache: D:\IDEA\workSpace\JerryServer\webapps\ROOT\image\favicon.ico
2018-09-07 20:39:58.521 [nioEventLoopGroup-3-5] DEBUG cn.zyzpp.http.JerryResponse - Find a request: /ROOT/image/favicon.ico LoadTime2
2018-09-07 20:39:58.550 [nioEventLoopGroup-3-5] DEBUG cn.zyzpp.http.JerryResponse - use cache: D:\IDEA\workSpace\JerryServer\webapps\ROOT\index.html
2018-09-07 20:39:58.551 [nioEventLoopGroup-3-5] DEBUG cn.zyzpp.http.JerryResponse - Find a request: /ROOT/index.html LoadTime1
2018-09-07 20:39:58.735 [nioEventLoopGroup-3-5] DEBUG cn.zyzpp.http.JerryResponse - use cache: D:\IDEA\workSpace\JerryServer\webapps\ROOT\image\favicon.ico
2018-09-07 20:39:58.736 [nioEventLoopGroup-3-5] DEBUG cn.zyzpp.http.JerryResponse - Find a request: /ROOT/image/favicon.ico LoadTime1
2018-09-07 20:39:58.836 [writeLogThread] DEBUG cn.zyzpp.monitor.thread.LogWriteThread - Successfully updated monitoring log:D:\IDEA\workSpace\JerryServer\webapps\manage\log.json
2018-09-07 20:39:58.914 [nioEventLoopGroup-3-5] DEBUG cn.zyzpp.http.JerryResponse - use cache: D:\IDEA\workSpace\JerryServer\webapps\ROOT\index.html
2018-09-07 20:39:58.915 [nioEventLoopGroup-3-5] DEBUG cn.zyzpp.http.JerryResponse - Find a request: /ROOT/index.html LoadTime1
2018-09-07 20:39:59.134 [nioEventLoopGroup-3-5] DEBUG cn.zyzpp.http.JerryResponse - use cache: D:\IDEA\workSpace\JerryServer\webapps\ROOT\image\favicon.ico
2018-09-07 20:39:59.135 [nioEventLoopGroup-3-5] DEBUG cn.zyzpp.http.JerryResponse - Find a request: /ROOT/image/favicon.ico LoadTime2
2018-09-07 20:39:59.286 [nioEventLoopGroup-3-5] DEBUG cn.zyzpp.http.JerryResponse - use cache: D:\IDEA\workSpace\JerryServer\webapps\ROOT\index.html
2018-09-07 20:39:59.287 [nioEventLoopGroup-3-5] DEBUG cn.zyzpp.http.JerryResponse - Find a request: /ROOT/index.html LoadTime2
2018-09-07 20:39:59.457 [nioEventLoopGroup-3-5] DEBUG cn.zyzpp.http.JerryResponse - use cache: D:\IDEA\workSpace\JerryServer\webapps\ROOT\image\favicon.ico
2018-09-07 20:39:59.458 [nioEventLoopGroup-3-5] DEBUG cn.zyzpp.http.JerryResponse - Find a request: /ROOT/image/favicon.ico LoadTime1
2018-09-07 20:39:59.482 [nioEventLoopGroup-3-5] DEBUG cn.zyzpp.http.JerryResponse - use cache: D:\IDEA\workSpace\JerryServer\webapps\ROOT\index.html
2018-09-07 20:39:59.483 [nioEventLoopGroup-3-5] DEBUG cn.zyzpp.http.JerryResponse - Find a request: /ROOT/index.html LoadTime1
2018-09-07 20:39:59.647 [nioEventLoopGroup-3-5] DEBUG cn.zyzpp.http.JerryResponse - use cache: D:\IDEA\workSpace\JerryServer\webapps\ROOT\image\favicon.ico
2018-09-07 20:39:59.648 [nioEventLoopGroup-3-5] DEBUG cn.zyzpp.http.JerryResponse - Find a request: /ROOT/image/favicon.ico LoadTime2
2018-09-07 20:40:08.841 [writeLogThread] DEBUG cn.zyzpp.monitor.thread.LogWriteThread - Successfully updated monitoring log:D:\IDEA\workSpace\JerryServer\webapps\manage\log.json
2018-09-07 21:07:33.130 [main] DEBUG io.netty.util.internal.logging.InternalLoggerFactory - Using SLF4J as the default logging framework
2018-09-07 21:07:33.136 [main] DEBUG io.netty.channel.MultithreadEventLoopGroup - -Dio.netty.eventLoopThreads: 8
2018-09-07 21:07:33.168 [main] DEBUG io.netty.channel.nio.NioEventLoop - -Dio.netty.noKeySetOptimization: false
2018-09-07 21:07:33.169 [main] DEBUG io.netty.channel.nio.NioEventLoop - -Dio.netty.selectorAutoRebuildThreshold: 512
2018-09-07 21:07:33.206 [main] DEBUG io.netty.util.internal.PlatformDependent - Platform: Windows
2018-09-07 21:07:33.209 [main] DEBUG io.netty.util.internal.PlatformDependent0 - -Dio.netty.noUnsafe: false
2018-09-07 21:07:33.209 [main] DEBUG io.netty.util.internal.PlatformDependent0 - Java version: 8
2018-09-07 21:07:33.212 [main] DEBUG io.netty.util.internal.PlatformDependent0 - sun.misc.Unsafe.theUnsafe: available
2018-09-07 21:07:33.214 [main] DEBUG io.netty.util.internal.PlatformDependent0 - sun.misc.Unsafe.copyMemory: available
2018-09-07 21:07:33.215 [main] DEBUG io.netty.util.internal.PlatformDependent0 - java.nio.Buffer.address: available
2018-09-07 21:07:33.216 [main] DEBUG io.netty.util.internal.PlatformDependent0 - direct buffer constructor: available
2018-09-07 21:07:33.217 [main] DEBUG io.netty.util.internal.PlatformDependent0 - java.nio.Bits.unaligned: available, true
2018-09-07 21:07:33.217 [main] DEBUG io.netty.util.internal.PlatformDependent0 - jdk.internal.misc.Unsafe.allocateUninitializedArray(int): unavailable prior to Java9
2018-09-07 21:07:33.218 [main] DEBUG io.netty.util.internal.PlatformDependent0 - java.nio.DirectByteBuffer.<init>(long, int): available
2018-09-07 21:07:33.218 [main] DEBUG io.netty.util.internal.PlatformDependent - sun.misc.Unsafe: available
2018-09-07 21:07:33.219 [main] DEBUG io.netty.util.internal.PlatformDependent - -Dio.netty.tmpdir: C:\Users\Administrator\AppData\Local\Temp (java.io.tmpdir)
2018-09-07 21:07:33.220 [main] DEBUG io.netty.util.internal.PlatformDependent - -Dio.netty.bitMode: 64 (sun.arch.data.model)
2018-09-07 21:07:33.222 [main] DEBUG io.netty.util.internal.PlatformDependent - -Dio.netty.noPreferDirect: false
2018-09-07 21:07:33.223 [main] DEBUG io.netty.util.internal.PlatformDependent - -Dio.netty.maxDirectMemory: 1883242496 bytes
2018-09-07 21:07:33.223 [main] DEBUG io.netty.util.internal.PlatformDependent - -Dio.netty.uninitializedArrayAllocationThreshold: -1
2018-09-07 21:07:33.224 [main] DEBUG io.netty.util.internal.CleanerJava6 - java.nio.ByteBuffer.cleaner(): available
2018-09-07 21:07:33.239 [main] DEBUG io.netty.util.internal.PlatformDependent - org.jctools-core.MpscChunkedArrayQueue: available
2018-09-07 21:07:33.897 [main] INFO  cn.zyzpp.service.HttpServerStartup - WEB_ROOT : D:\IDEA\workSpace\JerryServer\webapps
2018-09-07 21:07:33.898 [main] INFO  cn.zyzpp.service.HttpServerStartup - Jerry server 8888 startup, Time 776ms
2018-09-07 21:11:24.301 [main] DEBUG io.netty.util.internal.logging.InternalLoggerFactory - Using SLF4J as the default logging framework
2018-09-07 21:11:24.307 [main] DEBUG io.netty.channel.MultithreadEventLoopGroup - -Dio.netty.eventLoopThreads: 8
2018-09-07 21:11:24.361 [main] DEBUG io.netty.channel.nio.NioEventLoop - -Dio.netty.noKeySetOptimization: false
2018-09-07 21:11:24.366 [main] DEBUG io.netty.channel.nio.NioEventLoop - -Dio.netty.selectorAutoRebuildThreshold: 512
2018-09-07 21:11:24.414 [main] DEBUG io.netty.util.internal.PlatformDependent - Platform: Windows
2018-09-07 21:11:24.420 [main] DEBUG io.netty.util.internal.PlatformDependent0 - -Dio.netty.noUnsafe: false
2018-09-07 21:11:24.425 [main] DEBUG io.netty.util.internal.PlatformDependent0 - Java version: 8
2018-09-07 21:11:24.429 [main] DEBUG io.netty.util.internal.PlatformDependent0 - sun.misc.Unsafe.theUnsafe: available
2018-09-07 21:11:24.432 [main] DEBUG io.netty.util.internal.PlatformDependent0 - sun.misc.Unsafe.copyMemory: available
2018-09-07 21:11:24.433 [main] DEBUG io.netty.util.internal.PlatformDependent0 - java.nio.Buffer.address: available
2018-09-07 21:11:24.436 [main] DEBUG io.netty.util.internal.PlatformDependent0 - direct buffer constructor: available
2018-09-07 21:11:24.438 [main] DEBUG io.netty.util.internal.PlatformDependent0 - java.nio.Bits.unaligned: available, true
2018-09-07 21:11:24.439 [main] DEBUG io.netty.util.internal.PlatformDependent0 - jdk.internal.misc.Unsafe.allocateUninitializedArray(int): unavailable prior to Java9
2018-09-07 21:11:24.439 [main] DEBUG io.netty.util.internal.PlatformDependent0 - java.nio.DirectByteBuffer.<init>(long, int): available
2018-09-07 21:11:24.440 [main] DEBUG io.netty.util.internal.PlatformDependent - sun.misc.Unsafe: available
2018-09-07 21:11:24.442 [main] DEBUG io.netty.util.internal.PlatformDependent - -Dio.netty.tmpdir: C:\Users\Administrator\AppData\Local\Temp (java.io.tmpdir)
2018-09-07 21:11:24.444 [main] DEBUG io.netty.util.internal.PlatformDependent - -Dio.netty.bitMode: 64 (sun.arch.data.model)
2018-09-07 21:11:24.448 [main] DEBUG io.netty.util.internal.PlatformDependent - -Dio.netty.noPreferDirect: false
2018-09-07 21:11:24.450 [main] DEBUG io.netty.util.internal.PlatformDependent - -Dio.netty.maxDirectMemory: 1883242496 bytes
2018-09-07 21:11:24.459 [main] DEBUG io.netty.util.internal.PlatformDependent - -Dio.netty.uninitializedArrayAllocationThreshold: -1
2018-09-07 21:11:24.460 [main] DEBUG io.netty.util.internal.CleanerJava6 - java.nio.ByteBuffer.cleaner(): available
2018-09-07 21:11:24.488 [main] DEBUG io.netty.util.internal.PlatformDependent - org.jctools-core.MpscChunkedArrayQueue: available
2018-09-07 21:11:25.622 [main] INFO  cn.zyzpp.service.HttpServerStartup - WEB_ROOT : D:\IDEA\workSpace\JerryServer\webapps
2018-09-07 21:11:25.624 [main] INFO  cn.zyzpp.service.HttpServerStartup - Jerry server 8888 startup, Time 1334ms
